\BOOKMARK [0][-]{chapter.1}{Introduction}{}% 1
\BOOKMARK [1][-]{section.1.1}{Context}{chapter.1}% 2
\BOOKMARK [1][-]{section.1.2}{Motivation}{chapter.1}% 3
\BOOKMARK [1][-]{section.1.3}{Goals}{chapter.1}% 4
\BOOKMARK [1][-]{section.1.4}{Work Plan}{chapter.1}% 5
\BOOKMARK [1][-]{section.1.5}{Research Contributions}{chapter.1}% 6
\BOOKMARK [1][-]{section.1.6}{Document Structure}{chapter.1}% 7
\BOOKMARK [0][-]{chapter.2}{State of the Art}{}% 8
\BOOKMARK [1][-]{section.2.1}{Concepts}{chapter.2}% 9
\BOOKMARK [2][-]{subsection.2.1.1}{Microservices}{section.2.1}% 10
\BOOKMARK [2][-]{subsection.2.1.2}{Observability and Controlling Performance}{section.2.1}% 11
\BOOKMARK [2][-]{subsection.2.1.3}{Distributed Tracing}{section.2.1}% 12
\BOOKMARK [2][-]{subsection.2.1.4}{Graphs}{section.2.1}% 13
\BOOKMARK [2][-]{subsection.2.1.5}{Time-Series}{section.2.1}% 14
\BOOKMARK [1][-]{section.2.2}{Technologies}{chapter.2}% 15
\BOOKMARK [2][-]{subsection.2.2.1}{Distributed Tracing Tools}{section.2.2}% 16
\BOOKMARK [2][-]{subsection.2.2.2}{Graph Manipulation and Processing Tools}{section.2.2}% 17
\BOOKMARK [2][-]{subsection.2.2.3}{Graph Database Tools}{section.2.2}% 18
\BOOKMARK [2][-]{subsection.2.2.4}{Time-Series Database Tools}{section.2.2}% 19
\BOOKMARK [1][-]{section.2.3}{Related Work}{chapter.2}% 20
\BOOKMARK [2][-]{subsection.2.3.1}{Mastering AIOps}{section.2.3}% 21
\BOOKMARK [2][-]{subsection.2.3.2}{Anomaly Detection using Zipkin Tracing Data}{section.2.3}% 22
\BOOKMARK [2][-]{subsection.2.3.3}{Analysing distributed trace data}{section.2.3}% 23
\BOOKMARK [2][-]{subsection.2.3.4}{Research possible directions}{section.2.3}% 24
\BOOKMARK [0][-]{chapter.3}{Research Objectives and Approach}{}% 25
\BOOKMARK [1][-]{section.3.1}{Research Objectives}{chapter.3}% 26
\BOOKMARK [1][-]{section.3.2}{Research Questions}{chapter.3}% 27
\BOOKMARK [0][-]{chapter.4}{Proposed Solution}{}% 28
\BOOKMARK [1][-]{section.4.1}{Functional Requirements}{chapter.4}% 29
\BOOKMARK [1][-]{section.4.2}{Quality Attributes}{chapter.4}% 30
\BOOKMARK [1][-]{section.4.3}{Technical Restrictions}{chapter.4}% 31
\BOOKMARK [1][-]{section.4.4}{Architecture}{chapter.4}% 32
\BOOKMARK [2][-]{subsection.4.4.1}{Context Diagram}{section.4.4}% 33
\BOOKMARK [2][-]{subsection.4.4.2}{Container Diagram}{section.4.4}% 34
\BOOKMARK [2][-]{subsection.4.4.3}{Component Diagram}{section.4.4}% 35
\BOOKMARK [0][-]{chapter.5}{Implementation Process}{}% 36
\BOOKMARK [1][-]{section.5.1}{Huawei Tracing Data Set}{chapter.5}% 37
\BOOKMARK [1][-]{section.5.2}{OpenTracing Processor Component}{chapter.5}% 38
\BOOKMARK [1][-]{section.5.3}{Data Analysis Component}{chapter.5}% 39
\BOOKMARK [0][-]{chapter.6}{Results, Analysis and Limitations}{}% 40
\BOOKMARK [1][-]{section.6.1}{Anomaly Detection}{chapter.6}% 41
\BOOKMARK [1][-]{section.6.2}{Trace Quality Analysis}{chapter.6}% 42
\BOOKMARK [1][-]{section.6.3}{Limitations of OpenTracing Data}{chapter.6}% 43
\BOOKMARK [0][-]{chapter.7}{Conclusion and Future Work}{}% 44
