This is pdfTeX, Version 3.14159265-2.6-1.40.19 (TeX Live 2019/dev/Debian) (preloaded format=pdflatex 2019.6.4)  5 JUN 2019 03:21
entering extended mode
 restricted \write18 enabled.
 file:line:error style messages enabled.
 %&-line parsing enabled.
**/mnt/B6C8BAECC8BAAA4F/André/UC/Tese/MScThesis/MScThesisReport/main.tex
(/mnt/B6C8BAECC8BAAA4F/André/UC/Tese/MScThesis/MScThesisReport/main.tex
LaTeX2e <2018-12-01>
(/usr/share/texlive/texmf-dist/tex/latex/base/report.cls
Document Class: report 2018/09/03 v1.4i Standard LaTeX document class
(/usr/share/texlive/texmf-dist/tex/latex/base/size11.clo
File: size11.clo 2018/09/03 v1.4i Standard LaTeX file (size option)
)
\c@part=\count80
\c@chapter=\count81
\c@section=\count82
\c@subsection=\count83
\c@subsubsection=\count84
\c@paragraph=\count85
\c@subparagraph=\count86
\c@figure=\count87
\c@table=\count88
\abovecaptionskip=\skip41
\belowcaptionskip=\skip42
\bibindent=\dimen102
) (/usr/share/texlive/texmf-dist/tex/latex/xcolor/xcolor.sty
Package: xcolor 2016/05/11 v2.12 LaTeX color extensions (UK)
 (/usr/share/texlive/texmf-dist/tex/latex/graphics-cfg/color.cfg
File: color.cfg 2016/01/02 v1.6 sample color configuration
)
Package xcolor Info: Driver file: pdftex.def on input line 225.
 (/usr/share/texlive/texmf-dist/tex/latex/graphics-def/pdftex.def
File: pdftex.def 2018/01/08 v1.0l Graphics/color driver for pdftex
) (/usr/share/texlive/texmf-dist/tex/latex/colortbl/colortbl.sty
Package: colortbl 2018/12/12 v1.0d Color table columns (DPC)
 (/usr/share/texlive/texmf-dist/tex/latex/tools/array.sty
Package: array 2018/12/30 v2.4k Tabular extension package (FMi)
\col@sep=\dimen103
\ar@mcellbox=\box27
\extrarowheight=\dimen104
\NC@list=\toks14
\extratabsurround=\skip43
\backup@length=\skip44
\ar@cellbox=\box28
)
\everycr=\toks15
\minrowclearance=\skip45
)
\rownum=\count89
Package xcolor Info: Model `cmy' substituted by `cmy0' on input line 1348.
Package xcolor Info: Model `hsb' substituted by `rgb' on input line 1352.
Package xcolor Info: Model `RGB' extended on input line 1364.
Package xcolor Info: Model `HTML' substituted by `rgb' on input line 1366.
Package xcolor Info: Model `Hsb' substituted by `hsb' on input line 1367.
Package xcolor Info: Model `tHsb' substituted by `hsb' on input line 1368.
Package xcolor Info: Model `HSB' substituted by `hsb' on input line 1369.
Package xcolor Info: Model `Gray' substituted by `gray' on input line 1370.
Package xcolor Info: Model `wave' substituted by `hsb' on input line 1371.
) (/usr/share/texlive/texmf-dist/tex/latex/base/inputenc.sty
Package: inputenc 2018/08/11 v1.3c Input encoding file
\inpenc@prehook=\toks16
\inpenc@posthook=\toks17
) (/usr/share/texlive/texmf-dist/tex/generic/babel/babel.sty
Package: babel 2018/11/13 3.27 The Babel package
 (/usr/share/texlive/texmf-dist/tex/generic/babel/switch.def
File: switch.def 2018/11/13 3.27 Babel switching mechanism
) (/usr/share/texlive/texmf-dist/tex/generic/babel-english/english.ldf
Language: english 2017/06/06 v3.3r English support from the babel system
 (/usr/share/texlive/texmf-dist/tex/generic/babel/babel.def
File: babel.def 2018/11/13 3.27 Babel common definitions
\babel@savecnt=\count90
\U@D=\dimen105
 (/usr/share/texlive/texmf-dist/tex/generic/babel/txtbabel.def)
\bbl@dirlevel=\count91
)
\l@canadian = a dialect from \language\l@american 
\l@australian = a dialect from \language\l@british 
\l@newzealand = a dialect from \language\l@british 
)) (/usr/share/texlive/texmf-dist/tex/latex/vhistory/vhistory.sty
Package: vhistory 
 (/usr/share/texlive/texmf-dist/tex/latex/carlisle/ltxtable.sty
Package: ltxtable 1995/12/11 v0.2 longtable/tabularx merge (DPC)
 (/usr/share/texlive/texmf-dist/tex/latex/tools/tabularx.sty
Package: tabularx 2016/02/03 v2.11b `tabularx' package (DPC)
\TX@col@width=\dimen106
\TX@old@table=\dimen107
\TX@old@col=\dimen108
\TX@target=\dimen109
\TX@delta=\dimen110
\TX@cols=\count92
\TX@ftn=\toks18
) (/usr/share/texlive/texmf-dist/tex/latex/tools/longtable.sty
Package: longtable 2014/10/28 v4.11 Multi-page Table package (DPC)+ FMi change
\LTleft=\skip46
\LTright=\skip47
\LTpre=\skip48
\LTpost=\skip49
\LTchunksize=\count93
\LTcapwidth=\dimen111
\LT@head=\box29
\LT@firsthead=\box30
\LT@foot=\box31
\LT@lastfoot=\box32
\LT@cols=\count94
\LT@rows=\count95
\c@LT@tables=\count96
\c@LT@chunks=\count97
\LT@p@ftn=\toks19
)) (/usr/share/texlive/texmf-dist/tex/latex/vhistory/sets.sty
Package: sets 
\c@s@tlength=\count98
)
File main.hst not found.
\vh@verfile=\write3
) (/usr/share/texlive/texmf-dist/tex/latex/url/url.sty
\Urlmuskip=\muskip10
Package: url 2013/09/16  ver 3.4  Verb mode for urls, etc.
) (/usr/share/texlive/texmf-dist/tex/latex/hyperref/hyperref.sty
Package: hyperref 2018/11/30 v6.88e Hypertext links for LaTeX
 (/usr/share/texlive/texmf-dist/tex/generic/oberdiek/hobsub-hyperref.sty
Package: hobsub-hyperref 2016/05/16 v1.14 Bundle oberdiek, subset hyperref (HO)
 (/usr/share/texlive/texmf-dist/tex/generic/oberdiek/hobsub-generic.sty
Package: hobsub-generic 2016/05/16 v1.14 Bundle oberdiek, subset generic (HO)
Package: hobsub 2016/05/16 v1.14 Construct package bundles (HO)
Package: infwarerr 2016/05/16 v1.4 Providing info/warning/error messages (HO)
Package: ltxcmds 2016/05/16 v1.23 LaTeX kernel commands for general use (HO)
Package: ifluatex 2016/05/16 v1.4 Provides the ifluatex switch (HO)
Package ifluatex Info: LuaTeX not detected.
Package: ifvtex 2016/05/16 v1.6 Detect VTeX and its facilities (HO)
Package ifvtex Info: VTeX not detected.
Package: intcalc 2016/05/16 v1.2 Expandable calculations with integers (HO)
Package: ifpdf 2018/09/07 v3.3 Provides the ifpdf switch
Package: etexcmds 2016/05/16 v1.6 Avoid name clashes with e-TeX commands (HO)
Package: kvsetkeys 2016/05/16 v1.17 Key value parser (HO)
Package: kvdefinekeys 2016/05/16 v1.4 Define keys (HO)
Package: pdftexcmds 2018/09/10 v0.29 Utility functions of pdfTeX for LuaTeX (HO)
Package pdftexcmds Info: LuaTeX not detected.
Package pdftexcmds Info: \pdf@primitive is available.
Package pdftexcmds Info: \pdf@ifprimitive is available.
Package pdftexcmds Info: \pdfdraftmode found.
Package: pdfescape 2016/05/16 v1.14 Implements pdfTeX's escape features (HO)
Package: bigintcalc 2016/05/16 v1.4 Expandable calculations on big integers (HO)
Package: bitset 2016/05/16 v1.2 Handle bit-vector datatype (HO)
Package: uniquecounter 2016/05/16 v1.3 Provide unlimited unique counter (HO)
)
Package hobsub Info: Skipping package `hobsub' (already loaded).
Package: letltxmacro 2016/05/16 v1.5 Let assignment for LaTeX macros (HO)
Package: hopatch 2016/05/16 v1.3 Wrapper for package hooks (HO)
Package: xcolor-patch 2016/05/16 xcolor patch
Package: atveryend 2016/05/16 v1.9 Hooks at the very end of document (HO)
Package atveryend Info: \enddocument detected (standard20110627).
Package: atbegshi 2016/06/09 v1.18 At begin shipout hook (HO)
Package: refcount 2016/05/16 v3.5 Data extraction from label references (HO)
Package: hycolor 2016/05/16 v1.8 Color options for hyperref/bookmark (HO)
) (/usr/share/texlive/texmf-dist/tex/latex/graphics/keyval.sty
Package: keyval 2014/10/28 v1.15 key=value parser (DPC)
\KV@toks@=\toks20
) (/usr/share/texlive/texmf-dist/tex/generic/ifxetex/ifxetex.sty
Package: ifxetex 2010/09/12 v0.6 Provides ifxetex conditional
) (/usr/share/texlive/texmf-dist/tex/latex/oberdiek/auxhook.sty
Package: auxhook 2016/05/16 v1.4 Hooks for auxiliary files (HO)
) (/usr/share/texlive/texmf-dist/tex/latex/oberdiek/kvoptions.sty
Package: kvoptions 2016/05/16 v3.12 Key value format for package options (HO)
)
\@linkdim=\dimen112
\Hy@linkcounter=\count99
\Hy@pagecounter=\count100
 (/usr/share/texlive/texmf-dist/tex/latex/hyperref/pd1enc.def
File: pd1enc.def 2018/11/30 v6.88e Hyperref: PDFDocEncoding definition (HO)
Now handling font encoding PD1 ...
... no UTF-8 mapping file for font encoding PD1
)
\Hy@SavedSpaceFactor=\count101
 (/usr/share/texlive/texmf-dist/tex/latex/latexconfig/hyperref.cfg
File: hyperref.cfg 2002/06/06 v1.2 hyperref configuration of TeXLive
)
Package hyperref Info: Option `bookmarks' set `true' on input line 4393.
Package hyperref Info: Hyper figures OFF on input line 4519.
Package hyperref Info: Link nesting OFF on input line 4524.
Package hyperref Info: Hyper index ON on input line 4527.
Package hyperref Info: Plain pages OFF on input line 4534.
Package hyperref Info: Backreferencing OFF on input line 4539.
Package hyperref Info: Implicit mode ON; LaTeX internals redefined.
Package hyperref Info: Bookmarks ON on input line 4772.
\c@Hy@tempcnt=\count102
LaTeX Info: Redefining \url on input line 5125.
\XeTeXLinkMargin=\dimen113
\Fld@menulength=\count103
\Field@Width=\dimen114
\Fld@charsize=\dimen115
Package hyperref Info: Hyper figures OFF on input line 6380.
Package hyperref Info: Link nesting OFF on input line 6385.
Package hyperref Info: Hyper index ON on input line 6388.
Package hyperref Info: backreferencing OFF on input line 6395.
Package hyperref Info: Link coloring OFF on input line 6400.
Package hyperref Info: Link coloring with OCG OFF on input line 6405.
Package hyperref Info: PDF/A mode OFF on input line 6410.
LaTeX Info: Redefining \ref on input line 6450.
LaTeX Info: Redefining \pageref on input line 6454.
\Hy@abspage=\count104
\c@Item=\count105
\c@Hfootnote=\count106
)
Package hyperref Info: Driver (autodetected): hpdftex.
 (/usr/share/texlive/texmf-dist/tex/latex/hyperref/hpdftex.def
File: hpdftex.def 2018/11/30 v6.88e Hyperref driver for pdfTeX
\Fld@listcount=\count107
\c@bookmark@seq@number=\count108
 (/usr/share/texlive/texmf-dist/tex/latex/oberdiek/rerunfilecheck.sty
Package: rerunfilecheck 2016/05/16 v1.8 Rerun checks for auxiliary files (HO)
Package uniquecounter Info: New unique counter `rerunfilecheck' on input line 282.
)
\Hy@SectionHShift=\skip50
) (/usr/share/texlive/texmf-dist/tex/latex/graphics/graphicx.sty
Package: graphicx 2017/06/01 v1.1a Enhanced LaTeX Graphics (DPC,SPQR)
 (/usr/share/texlive/texmf-dist/tex/latex/graphics/graphics.sty
Package: graphics 2017/06/25 v1.2c Standard LaTeX Graphics (DPC,SPQR)
 (/usr/share/texlive/texmf-dist/tex/latex/graphics/trig.sty
Package: trig 2016/01/03 v1.10 sin cos tan (DPC)
) (/usr/share/texlive/texmf-dist/tex/latex/graphics-cfg/graphics.cfg
File: graphics.cfg 2016/06/04 v1.11 sample graphics configuration
)
Package graphics Info: Driver file: pdftex.def on input line 99.
)
\Gin@req@height=\dimen116
\Gin@req@width=\dimen117
) (/usr/share/texlive/texmf-dist/tex/latex/glossaries/base/glossaries.sty
Package: glossaries 2019/01/06 v4.42 (NLCT)
 (/usr/share/texlive/texmf-dist/tex/latex/base/ifthen.sty
Package: ifthen 2014/09/29 v1.1c Standard LaTeX ifthen package (DPC)
) (/usr/share/texlive/texmf-dist/tex/latex/xkeyval/xkeyval.sty
Package: xkeyval 2014/12/03 v2.7a package option processing (HA)
 (/usr/share/texlive/texmf-dist/tex/generic/xkeyval/xkeyval.tex (/usr/share/texlive/texmf-dist/tex/generic/xkeyval/xkvutils.tex
\XKV@toks=\toks21
\XKV@tempa@toks=\toks22
)
\XKV@depth=\count109
File: xkeyval.tex 2014/12/03 v2.7a key=value parser (HA)
)) (/usr/share/texlive/texmf-dist/tex/latex/mfirstuc/mfirstuc.sty
Package: mfirstuc 2017/11/14 v2.06 (NLCT)
 (/usr/share/texlive/texmf-dist/tex/latex/etoolbox/etoolbox.sty
Package: etoolbox 2018/08/19 v2.5f e-TeX tools for LaTeX (JAW)
\etb@tempcnta=\count110
)
\@glsmfirst=\toks23
\@glsmrest=\toks24
) (/usr/share/texlive/texmf-dist/tex/latex/textcase/textcase.sty
Package: textcase 2004/10/07 v0.07 Text only upper/lower case changing (DPC)
) (/usr/share/texlive/texmf-dist/tex/latex/xfor/xfor.sty
Package: xfor 2009/02/05 v1.05 (NLCT)
) (/usr/share/texlive/texmf-dist/tex/latex/datatool/datatool-base.sty
Package: datatool-base 2018/12/07 v2.31 (NLCT)
 (/usr/share/texlive/texmf-dist/tex/latex/amsmath/amsmath.sty
Package: amsmath 2018/12/01 v2.17b AMS math features
\@mathmargin=\skip51

For additional information on amsmath, use the `?' option.
(/usr/share/texlive/texmf-dist/tex/latex/amsmath/amstext.sty
Package: amstext 2000/06/29 v2.01 AMS text
 (/usr/share/texlive/texmf-dist/tex/latex/amsmath/amsgen.sty
File: amsgen.sty 1999/11/30 v2.0 generic functions
\@emptytoks=\toks25
\ex@=\dimen118
)) (/usr/share/texlive/texmf-dist/tex/latex/amsmath/amsbsy.sty
Package: amsbsy 1999/11/29 v1.2d Bold Symbols
\pmbraise@=\dimen119
) (/usr/share/texlive/texmf-dist/tex/latex/amsmath/amsopn.sty
Package: amsopn 2016/03/08 v2.02 operator names
)
\inf@bad=\count111
LaTeX Info: Redefining \frac on input line 223.
\uproot@=\count112
\leftroot@=\count113
LaTeX Info: Redefining \overline on input line 385.
\classnum@=\count114
\DOTSCASE@=\count115
LaTeX Info: Redefining \ldots on input line 482.
LaTeX Info: Redefining \dots on input line 485.
LaTeX Info: Redefining \cdots on input line 606.
\Mathstrutbox@=\box33
\strutbox@=\box34
\big@size=\dimen120
LaTeX Font Info:    Redeclaring font encoding OML on input line 729.
LaTeX Font Info:    Redeclaring font encoding OMS on input line 730.
\macc@depth=\count116
\c@MaxMatrixCols=\count117
\dotsspace@=\muskip11
\c@parentequation=\count118
\dspbrk@lvl=\count119
\tag@help=\toks26
\row@=\count120
\column@=\count121
\maxfields@=\count122
\andhelp@=\toks27
\eqnshift@=\dimen121
\alignsep@=\dimen122
\tagshift@=\dimen123
\tagwidth@=\dimen124
\totwidth@=\dimen125
\lineht@=\dimen126
\@envbody=\toks28
\multlinegap=\skip52
\multlinetaggap=\skip53
\mathdisplay@stack=\toks29
LaTeX Info: Redefining \[ on input line 2844.
LaTeX Info: Redefining \] on input line 2845.
) (/usr/share/texlive/texmf-dist/tex/latex/substr/substr.sty
Package: substr 2009/10/20 v1.2 Handle substrings
\c@su@anzahl=\count123
) (/usr/share/texlive/texmf-dist/tex/latex/datatool/datatool-fp.sty
Package: datatool-fp 2018/12/07 v2.31 (NLCT)
 (/usr/share/texlive/texmf-dist/tex/latex/fp/fp.sty
Package: fp 1995/04/02
 `Fixed Point Package', Version 0.8, April 2, 1995 (C) Michael Mehlich (/usr/share/texlive/texmf-dist/tex/latex/fp/defpattern.sty
Package: defpattern 1994/10/12
\actioncount=\count124
) (/usr/share/texlive/texmf-dist/tex/latex/fp/fp-basic.sty
Package: fp-basic 1996/05/13
\FP@xs=\count125
\FP@xia=\count126
\FP@xib=\count127
\FP@xfa=\count128
\FP@xfb=\count129
\FP@rega=\count130
\FP@regb=\count131
\FP@regs=\count132
\FP@times=\count133
) (/usr/share/texlive/texmf-dist/tex/latex/fp/fp-addons.sty
Package: fp-addons 1995/03/15
) (/usr/share/texlive/texmf-dist/tex/latex/fp/fp-snap.sty
Package: fp-snap 1995/04/05
) (/usr/share/texlive/texmf-dist/tex/latex/fp/fp-exp.sty
Package: fp-exp 1995/04/03
) (/usr/share/texlive/texmf-dist/tex/latex/fp/fp-trigo.sty
Package: fp-trigo 1995/04/14
) (/usr/share/texlive/texmf-dist/tex/latex/fp/fp-pas.sty
Package: fp-pas 1994/08/29
) (/usr/share/texlive/texmf-dist/tex/latex/fp/fp-random.sty
Package: fp-random 1995/02/23
\FPseed=\count134
) (/usr/share/texlive/texmf-dist/tex/latex/fp/fp-eqn.sty
Package: fp-eqn 1995/04/03
) (/usr/share/texlive/texmf-dist/tex/latex/fp/fp-upn.sty
Package: fp-upn 1996/10/21
) (/usr/share/texlive/texmf-dist/tex/latex/fp/fp-eval.sty
Package: fp-eval 1995/04/03
)))
\@dtl@toks=\toks30
\@dtl@tmpcount=\count135
\dtl@tmplength=\skip54
\dtl@sortresult=\count136
\@dtl@numgrpsepcount=\count137
\@dtl@datatype=\count138
\dtl@codeA=\count139
\dtl@codeB=\count140
\@dtl@foreach@level=\count141
) (/usr/share/texlive/texmf-dist/tex/latex/glossaries/base/glossaries-compatible-307.sty
Package: glossaries-compatible-307 2019/01/06 v4.42 (NLCT)
) (/usr/share/texlive/texmf-dist/tex/latex/tracklang/tracklang.sty
Package: tracklang 2018/05/13 v1.3.6 (NLCT) Track Languages
 (/usr/share/texlive/texmf-dist/tex/generic/tracklang/tracklang.tex)) (/usr/share/texlive/texmf-dist/tex/latex/translator/translator.sty
Package: translator 2018/01/04 v1.12 Easy translation of strings in LaTeX
) (/usr/share/texlive/texmf-dist/tex/latex/glossaries-english/glossaries-english.ldf
File: glossaries-english.ldf 2014/11/23 v1.0
)
\gls@level=\count142
\@gls@tmpb=\toks31
\gls@tmplen=\skip55
\glskeylisttok=\toks32
\glslabeltok=\toks33
\glsshorttok=\toks34
\glslongtok=\toks35
 (/usr/share/texlive/texmf-dist/tex/latex/glossaries/styles/glossary-hypernav.sty
Package: glossary-hypernav 2019/01/06 v4.42 (NLCT)
) (/usr/share/texlive/texmf-dist/tex/latex/glossaries/styles/glossary-list.sty
Package: glossary-list 2019/01/06 v4.42 (NLCT)
\glslistdottedwidth=\skip56
) (/usr/share/texlive/texmf-dist/tex/latex/glossaries/styles/glossary-long.sty
Package: glossary-long 2019/01/06 v4.42 (NLCT)
\glsdescwidth=\skip57
\glspagelistwidth=\skip58
) (/usr/share/texlive/texmf-dist/tex/latex/glossaries/styles/glossary-super.sty
Package: glossary-super 2019/01/06 v4.42 (NLCT)
 (/usr/share/texlive/texmf-dist/tex/latex/supertabular/supertabular.sty
Package: supertabular 2004/02/20 v4.1e the supertabular environment
\c@tracingst=\count143
\ST@wd=\dimen127
\ST@rightskip=\skip59
\ST@leftskip=\skip60
\ST@parfillskip=\skip61
\ST@pageleft=\dimen128
\ST@headht=\dimen129
\ST@tailht=\dimen130
\ST@pagesofar=\dimen131
\ST@pboxht=\dimen132
\ST@lineht=\dimen133
\ST@stretchht=\dimen134
\ST@prevht=\dimen135
\ST@toadd=\dimen136
\ST@dimen=\dimen137
\ST@pbox=\box35
)) (/usr/share/texlive/texmf-dist/tex/latex/glossaries/styles/glossary-tree.sty
Package: glossary-tree 2019/01/06 v4.42 (NLCT)
\glstreeindent=\skip62
)) (/usr/share/texlive/texmf-dist/tex/latex/float/float.sty
Package: float 2001/11/08 v1.3d Float enhancements (AL)
\c@float@type=\count144
\float@exts=\toks36
\float@box=\box36
\@float@everytoks=\toks37
\@floatcapt=\box37
) (/usr/share/texlive/texmf-dist/tex/latex/pgfplots/pgfplotstable.sty (/usr/share/texlive/texmf-dist/tex/generic/pgfplots/pgfplots.revision.tex)
Package: pgfplotstable 2018/03/28 v1.16 Table typesetting and Pretty-printing (1.16)
 (/usr/share/texlive/texmf-dist/tex/latex/pgfplots/pgfplots.sty (/usr/share/texlive/texmf-dist/tex/generic/pgfplots/pgfplots.revision.tex)
Package: pgfplots 2018/03/28 v1.16 Data Visualization (1.16)
 (/usr/share/texlive/texmf-dist/tex/latex/pgf/frontendlayer/tikz.sty (/usr/share/texlive/texmf-dist/tex/latex/pgf/basiclayer/pgf.sty (/usr/share/texlive/texmf-dist/tex/latex/pgf/utilities/pgfrcs.sty (/usr/share/texlive/texmf-dist/tex/generic/pgf/utilities/pgfutil-common.tex
\pgfutil@everybye=\toks38
\pgfutil@tempdima=\dimen138
\pgfutil@tempdimb=\dimen139
 (/usr/share/texlive/texmf-dist/tex/generic/pgf/utilities/pgfutil-common-lists.tex)) (/usr/share/texlive/texmf-dist/tex/generic/pgf/utilities/pgfutil-latex.def
\pgfutil@abb=\box38
 (/usr/share/texlive/texmf-dist/tex/latex/ms/everyshi.sty
Package: everyshi 2001/05/15 v3.00 EveryShipout Package (MS)
)) (/usr/share/texlive/texmf-dist/tex/generic/pgf/utilities/pgfrcs.code.tex (/usr/share/texlive/texmf-dist/tex/generic/pgf/pgf.revision.tex)
Package: pgfrcs 2019/02/02 v3.1.1 (3.1.1)
))
Package: pgf 2019/02/02 v3.1.1 (3.1.1)
 (/usr/share/texlive/texmf-dist/tex/latex/pgf/basiclayer/pgfcore.sty (/usr/share/texlive/texmf-dist/tex/latex/pgf/systemlayer/pgfsys.sty (/usr/share/texlive/texmf-dist/tex/generic/pgf/systemlayer/pgfsys.code.tex
Package: pgfsys 2019/02/02 v3.1.1 (3.1.1)
 (/usr/share/texlive/texmf-dist/tex/generic/pgf/utilities/pgfkeys.code.tex
\pgfkeys@pathtoks=\toks39
\pgfkeys@temptoks=\toks40
 (/usr/share/texlive/texmf-dist/tex/generic/pgf/utilities/pgfkeysfiltered.code.tex
\pgfkeys@tmptoks=\toks41
))
\pgf@x=\dimen140
\pgf@y=\dimen141
\pgf@xa=\dimen142
\pgf@ya=\dimen143
\pgf@xb=\dimen144
\pgf@yb=\dimen145
\pgf@xc=\dimen146
\pgf@yc=\dimen147
\w@pgf@writea=\write4
\r@pgf@reada=\read1
\c@pgf@counta=\count145
\c@pgf@countb=\count146
\c@pgf@countc=\count147
\c@pgf@countd=\count148
\t@pgf@toka=\toks42
\t@pgf@tokb=\toks43
\t@pgf@tokc=\toks44
\pgf@sys@id@count=\count149
 (/usr/share/texlive/texmf-dist/tex/generic/pgf/systemlayer/pgf.cfg
File: pgf.cfg 2019/02/02 v3.1.1 (3.1.1)
)
Driver file for pgf: pgfsys-pdftex.def
 (/usr/share/texlive/texmf-dist/tex/generic/pgf/systemlayer/pgfsys-pdftex.def
File: pgfsys-pdftex.def 2019/02/02 v3.1.1 (3.1.1)
 (/usr/share/texlive/texmf-dist/tex/generic/pgf/systemlayer/pgfsys-common-pdf.def
File: pgfsys-common-pdf.def 2019/02/02 v3.1.1 (3.1.1)
))) (/usr/share/texlive/texmf-dist/tex/generic/pgf/systemlayer/pgfsyssoftpath.code.tex
File: pgfsyssoftpath.code.tex 2019/02/02 v3.1.1 (3.1.1)
\pgfsyssoftpath@smallbuffer@items=\count150
\pgfsyssoftpath@bigbuffer@items=\count151
) (/usr/share/texlive/texmf-dist/tex/generic/pgf/systemlayer/pgfsysprotocol.code.tex
File: pgfsysprotocol.code.tex 2019/02/02 v3.1.1 (3.1.1)
)) (/usr/share/texlive/texmf-dist/tex/generic/pgf/basiclayer/pgfcore.code.tex
Package: pgfcore 2019/02/02 v3.1.1 (3.1.1)
 (/usr/share/texlive/texmf-dist/tex/generic/pgf/math/pgfmath.code.tex (/usr/share/texlive/texmf-dist/tex/generic/pgf/math/pgfmathcalc.code.tex (/usr/share/texlive/texmf-dist/tex/generic/pgf/math/pgfmathutil.code.tex) (/usr/share/texlive/texmf-dist/tex/generic/pgf/math/pgfmathparser.code.tex
\pgfmath@dimen=\dimen148
\pgfmath@count=\count152
\pgfmath@box=\box39
\pgfmath@toks=\toks45
\pgfmath@stack@operand=\toks46
\pgfmath@stack@operation=\toks47
) (/usr/share/texlive/texmf-dist/tex/generic/pgf/math/pgfmathfunctions.code.tex (/usr/share/texlive/texmf-dist/tex/generic/pgf/math/pgfmathfunctions.basic.code.tex) (/usr/share/texlive/texmf-dist/tex/generic/pgf/math/pgfmathfunctions.trigonometric.code.tex) (/usr/share/texlive/texmf-dist/tex/generic/pgf/math/pgfmathfunctions.random.code.tex) (/usr/share/texlive/texmf-dist/tex/generic/pgf/math/pgfmathfunctions.comparison.code.tex) (/usr/share/texlive/texmf-dist/tex/generic/pgf/math/pgfmathfunctions.base.code.tex) (/usr/share/texlive/texmf-dist/tex/generic/pgf/math/pgfmathfunctions.round.code.tex) (/usr/share/texlive/texmf-dist/tex/generic/pgf/math/pgfmathfunctions.misc.code.tex) (/usr/share/texlive/texmf-dist/tex/generic/pgf/math/pgfmathfunctions.integerarithmetics.code.tex))) (/usr/share/texlive/texmf-dist/tex/generic/pgf/math/pgfmathfloat.code.tex
\c@pgfmathroundto@lastzeros=\count153
)) (/usr/share/texlive/texmf-dist/tex/generic/pgf/basiclayer/pgfcorepoints.code.tex
File: pgfcorepoints.code.tex 2019/02/02 v3.1.1 (3.1.1)
\pgf@picminx=\dimen149
\pgf@picmaxx=\dimen150
\pgf@picminy=\dimen151
\pgf@picmaxy=\dimen152
\pgf@pathminx=\dimen153
\pgf@pathmaxx=\dimen154
\pgf@pathminy=\dimen155
\pgf@pathmaxy=\dimen156
\pgf@xx=\dimen157
\pgf@xy=\dimen158
\pgf@yx=\dimen159
\pgf@yy=\dimen160
\pgf@zx=\dimen161
\pgf@zy=\dimen162
) (/usr/share/texlive/texmf-dist/tex/generic/pgf/basiclayer/pgfcorepathconstruct.code.tex
File: pgfcorepathconstruct.code.tex 2019/02/02 v3.1.1 (3.1.1)
\pgf@path@lastx=\dimen163
\pgf@path@lasty=\dimen164
) (/usr/share/texlive/texmf-dist/tex/generic/pgf/basiclayer/pgfcorepathusage.code.tex
File: pgfcorepathusage.code.tex 2019/02/02 v3.1.1 (3.1.1)
\pgf@shorten@end@additional=\dimen165
\pgf@shorten@start@additional=\dimen166
) (/usr/share/texlive/texmf-dist/tex/generic/pgf/basiclayer/pgfcorescopes.code.tex
File: pgfcorescopes.code.tex 2019/02/02 v3.1.1 (3.1.1)
\pgfpic=\box40
\pgf@hbox=\box41
\pgf@layerbox@main=\box42
\pgf@picture@serial@count=\count154
) (/usr/share/texlive/texmf-dist/tex/generic/pgf/basiclayer/pgfcoregraphicstate.code.tex
File: pgfcoregraphicstate.code.tex 2019/02/02 v3.1.1 (3.1.1)
\pgflinewidth=\dimen167
) (/usr/share/texlive/texmf-dist/tex/generic/pgf/basiclayer/pgfcoretransformations.code.tex
File: pgfcoretransformations.code.tex 2019/02/02 v3.1.1 (3.1.1)
\pgf@pt@x=\dimen168
\pgf@pt@y=\dimen169
\pgf@pt@temp=\dimen170
) (/usr/share/texlive/texmf-dist/tex/generic/pgf/basiclayer/pgfcorequick.code.tex
File: pgfcorequick.code.tex 2019/02/02 v3.1.1 (3.1.1)
) (/usr/share/texlive/texmf-dist/tex/generic/pgf/basiclayer/pgfcoreobjects.code.tex
File: pgfcoreobjects.code.tex 2019/02/02 v3.1.1 (3.1.1)
) (/usr/share/texlive/texmf-dist/tex/generic/pgf/basiclayer/pgfcorepathprocessing.code.tex
File: pgfcorepathprocessing.code.tex 2019/02/02 v3.1.1 (3.1.1)
) (/usr/share/texlive/texmf-dist/tex/generic/pgf/basiclayer/pgfcorearrows.code.tex
File: pgfcorearrows.code.tex 2019/02/02 v3.1.1 (3.1.1)
\pgfarrowsep=\dimen171
) (/usr/share/texlive/texmf-dist/tex/generic/pgf/basiclayer/pgfcoreshade.code.tex
File: pgfcoreshade.code.tex 2019/02/02 v3.1.1 (3.1.1)
\pgf@max=\dimen172
\pgf@sys@shading@range@num=\count155
) (/usr/share/texlive/texmf-dist/tex/generic/pgf/basiclayer/pgfcoreimage.code.tex
File: pgfcoreimage.code.tex 2019/02/02 v3.1.1 (3.1.1)
 (/usr/share/texlive/texmf-dist/tex/generic/pgf/basiclayer/pgfcoreexternal.code.tex
File: pgfcoreexternal.code.tex 2019/02/02 v3.1.1 (3.1.1)
\pgfexternal@startupbox=\box43
)) (/usr/share/texlive/texmf-dist/tex/generic/pgf/basiclayer/pgfcorelayers.code.tex
File: pgfcorelayers.code.tex 2019/02/02 v3.1.1 (3.1.1)
) (/usr/share/texlive/texmf-dist/tex/generic/pgf/basiclayer/pgfcoretransparency.code.tex
File: pgfcoretransparency.code.tex 2019/02/02 v3.1.1 (3.1.1)
) (/usr/share/texlive/texmf-dist/tex/generic/pgf/basiclayer/pgfcorepatterns.code.tex
File: pgfcorepatterns.code.tex 2019/02/02 v3.1.1 (3.1.1)
) (/usr/share/texlive/texmf-dist/tex/generic/pgf/basiclayer/pgfcorerdf.code.tex
File: pgfcorerdf.code.tex 2019/02/02 v3.1.1 (3.1.1)
))) (/usr/share/texlive/texmf-dist/tex/generic/pgf/modules/pgfmoduleshapes.code.tex
File: pgfmoduleshapes.code.tex 2019/02/02 v3.1.1 (3.1.1)
\pgfnodeparttextbox=\box44
) (/usr/share/texlive/texmf-dist/tex/generic/pgf/modules/pgfmoduleplot.code.tex
File: pgfmoduleplot.code.tex 2019/02/02 v3.1.1 (3.1.1)
) (/usr/share/texlive/texmf-dist/tex/latex/pgf/compatibility/pgfcomp-version-0-65.sty
Package: pgfcomp-version-0-65 2019/02/02 v3.1.1 (3.1.1)
\pgf@nodesepstart=\dimen173
\pgf@nodesepend=\dimen174
) (/usr/share/texlive/texmf-dist/tex/latex/pgf/compatibility/pgfcomp-version-1-18.sty
Package: pgfcomp-version-1-18 2019/02/02 v3.1.1 (3.1.1)
)) (/usr/share/texlive/texmf-dist/tex/latex/pgf/utilities/pgffor.sty (/usr/share/texlive/texmf-dist/tex/latex/pgf/utilities/pgfkeys.sty (/usr/share/texlive/texmf-dist/tex/generic/pgf/utilities/pgfkeys.code.tex)) (/usr/share/texlive/texmf-dist/tex/latex/pgf/math/pgfmath.sty (/usr/share/texlive/texmf-dist/tex/generic/pgf/math/pgfmath.code.tex)) (/usr/share/texlive/texmf-dist/tex/generic/pgf/utilities/pgffor.code.tex
Package: pgffor 2019/02/02 v3.1.1 (3.1.1)
 (/usr/share/texlive/texmf-dist/tex/generic/pgf/math/pgfmath.code.tex)
\pgffor@iter=\dimen175
\pgffor@skip=\dimen176
\pgffor@stack=\toks48
\pgffor@toks=\toks49
)) (/usr/share/texlive/texmf-dist/tex/generic/pgf/frontendlayer/tikz/tikz.code.tex
Package: tikz 2019/02/02 v3.1.1 (3.1.1)
 (/usr/share/texlive/texmf-dist/tex/generic/pgf/libraries/pgflibraryplothandlers.code.tex
File: pgflibraryplothandlers.code.tex 2019/02/02 v3.1.1 (3.1.1)
\pgf@plot@mark@count=\count156
\pgfplotmarksize=\dimen177
)
\tikz@lastx=\dimen178
\tikz@lasty=\dimen179
\tikz@lastxsaved=\dimen180
\tikz@lastysaved=\dimen181
\tikzleveldistance=\dimen182
\tikzsiblingdistance=\dimen183
\tikz@figbox=\box45
\tikz@figbox@bg=\box46
\tikz@tempbox=\box47
\tikz@tempbox@bg=\box48
\tikztreelevel=\count157
\tikznumberofchildren=\count158
\tikznumberofcurrentchild=\count159
\tikz@fig@count=\count160
 (/usr/share/texlive/texmf-dist/tex/generic/pgf/modules/pgfmodulematrix.code.tex
File: pgfmodulematrix.code.tex 2019/02/02 v3.1.1 (3.1.1)
\pgfmatrixcurrentrow=\count161
\pgfmatrixcurrentcolumn=\count162
\pgf@matrix@numberofcolumns=\count163
)
\tikz@expandcount=\count164
 (/usr/share/texlive/texmf-dist/tex/generic/pgf/frontendlayer/tikz/libraries/tikzlibrarytopaths.code.tex
File: tikzlibrarytopaths.code.tex 2019/02/02 v3.1.1 (3.1.1)
))) (/usr/share/texlive/texmf-dist/tex/generic/pgfplots/pgfplots.code.tex (/usr/share/texlive/texmf-dist/tex/generic/pgfplots/pgfplotscore.code.tex
\t@pgfplots@toka=\toks50
\t@pgfplots@tokb=\toks51
\t@pgfplots@tokc=\toks52
\pgfplots@tmpa=\dimen184
\c@pgfplots@coordindex=\count165
\c@pgfplots@scanlineindex=\count166
 (/usr/share/texlive/texmf-dist/tex/generic/pgfplots/sys/pgfplotssysgeneric.code.tex)) (/usr/share/texlive/texmf-dist/tex/generic/pgfplots/libs/pgfplotslibrary.code.tex) (/usr/share/texlive/texmf-dist/tex/generic/pgfplots/oldpgfcompatib/pgfplotsoldpgfsupp_loader.code.tex (/usr/share/texlive/texmf-dist/tex/generic/pgf/libraries/pgflibraryfpu.code.tex)
Package pgfplots: loading complementary arithmetics for your pgf version...
(/usr/share/texlive/texmf-dist/tex/generic/pgfplots/oldpgfcompatib/pgfplotsoldpgfsupp_pgflibraryfpu.code.tex) (/usr/share/texlive/texmf-dist/tex/generic/pgfplots/oldpgfcompatib/pgfplotsoldpgfsupp_pgfmathfloat.code.tex
\c@pgfmathroundto@lastzeros=\count167
)) (/usr/share/texlive/texmf-dist/tex/generic/pgfplots/util/pgfplotsutil.code.tex (/usr/share/texlive/texmf-dist/tex/generic/pgfplots/liststructure/pgfplotsliststructure.code.tex) (/usr/share/texlive/texmf-dist/tex/generic/pgfplots/liststructure/pgfplotsliststructureext.code.tex) (/usr/share/texlive/texmf-dist/tex/generic/pgfplots/liststructure/pgfplotsarray.code.tex
\c@pgfplotsarray@tmp=\count168
) (/usr/share/texlive/texmf-dist/tex/generic/pgfplots/liststructure/pgfplotsmatrix.code.tex) (/usr/share/texlive/texmf-dist/tex/generic/pgfplots/numtable/pgfplotstableshared.code.tex
\c@pgfplotstable@counta=\count169
\t@pgfplotstable@a=\toks53
) (/usr/share/texlive/texmf-dist/tex/generic/pgfplots/liststructure/pgfplotsdeque.code.tex) (/usr/share/texlive/texmf-dist/tex/generic/pgfplots/util/pgfplotsbinary.code.tex (/usr/share/texlive/texmf-dist/tex/generic/pgfplots/util/pgfplotsbinary.data.code.tex)) (/usr/share/texlive/texmf-dist/tex/generic/pgfplots/util/pgfplotsutil.verb.code.tex) (/usr/share/texlive/texmf-dist/tex/generic/pgfplots/libs/pgflibrarypgfplots.surfshading.code.tex
\c@pgfplotslibrarysurf@no=\count170
 (/usr/share/texlive/texmf-dist/tex/generic/pgfplots/sys/pgflibrarypgfplots.surfshading.pgfsys-pdftex.def))) (/usr/share/texlive/texmf-dist/tex/generic/pgfplots/util/pgfplotscolormap.code.tex (/usr/share/texlive/texmf-dist/tex/generic/pgfplots/util/pgfplotscolor.code.tex)) (/usr/share/texlive/texmf-dist/tex/generic/pgfplots/pgfplotsstackedplots.code.tex) (/usr/share/texlive/texmf-dist/tex/generic/pgfplots/pgfplotsplothandlers.code.tex (/usr/share/texlive/texmf-dist/tex/generic/pgfplots/pgfplotsmeshplothandler.code.tex (/usr/share/texlive/texmf-dist/tex/generic/pgfplots/pgfplotsmeshplotimage.code.tex))) (/usr/share/texlive/texmf-dist/tex/generic/pgfplots/pgfplots.scaling.code.tex) (/usr/share/texlive/texmf-dist/tex/generic/pgfplots/pgfplotscoordprocessing.code.tex) (/usr/share/texlive/texmf-dist/tex/generic/pgfplots/pgfplots.errorbars.code.tex) (/usr/share/texlive/texmf-dist/tex/generic/pgfplots/pgfplots.markers.code.tex) (/usr/share/texlive/texmf-dist/tex/generic/pgfplots/pgfplotsticks.code.tex) (/usr/share/texlive/texmf-dist/tex/generic/pgfplots/pgfplots.paths.code.tex) (/usr/share/texlive/texmf-dist/tex/generic/pgf/frontendlayer/tikz/libraries/tikzlibrarydecorations.code.tex (/usr/share/texlive/texmf-dist/tex/generic/pgf/modules/pgfmoduledecorations.code.tex
\pgfdecoratedcompleteddistance=\dimen185
\pgfdecoratedremainingdistance=\dimen186
\pgfdecoratedinputsegmentcompleteddistance=\dimen187
\pgfdecoratedinputsegmentremainingdistance=\dimen188
\pgf@decorate@distancetomove=\dimen189
\pgf@decorate@repeatstate=\count171
\pgfdecorationsegmentamplitude=\dimen190
\pgfdecorationsegmentlength=\dimen191
)
\tikz@lib@dec@box=\box49
) (/usr/share/texlive/texmf-dist/tex/generic/pgf/frontendlayer/tikz/libraries/tikzlibrarydecorations.pathmorphing.code.tex (/usr/share/texlive/texmf-dist/tex/generic/pgf/libraries/decorations/pgflibrarydecorations.pathmorphing.code.tex)) (/usr/share/texlive/texmf-dist/tex/generic/pgf/frontendlayer/tikz/libraries/tikzlibrarydecorations.pathreplacing.code.tex (/usr/share/texlive/texmf-dist/tex/generic/pgf/libraries/decorations/pgflibrarydecorations.pathreplacing.code.tex))
\pgfplots@numplots=\count172
\pgfplots@xmin@reg=\dimen192
\pgfplots@xmax@reg=\dimen193
\pgfplots@ymin@reg=\dimen194
\pgfplots@ymax@reg=\dimen195
\pgfplots@zmin@reg=\dimen196
\pgfplots@zmax@reg=\dimen197
) (/usr/share/texlive/texmf-dist/tex/generic/pgf/frontendlayer/tikz/libraries/tikzlibraryplotmarks.code.tex
File: tikzlibraryplotmarks.code.tex 2019/02/02 v3.1.1 (3.1.1)
 (/usr/share/texlive/texmf-dist/tex/generic/pgf/libraries/pgflibraryplotmarks.code.tex
File: pgflibraryplotmarks.code.tex 2019/02/02 v3.1.1 (3.1.1)
))) (/usr/share/texlive/texmf-dist/tex/generic/pgfplots/numtable/pgfplotstable.code.tex (/usr/share/texlive/texmf-dist/tex/generic/pgfplots/numtable/pgfplotstable.coltype.code.tex))) (/usr/share/texlive/texmf-dist/tex/latex/base/flafter.sty
Package: flafter 2018/11/28 v1.4d Standard LaTeX floats after reference (FMi)
Applying: [2015/01/01] float order in 2-column on input line 49.
Already applied: [0000/00/00] float order in 2-column on input line 151.
) (/usr/share/texlive/texmf-dist/tex/latex/hyperref/nameref.sty
Package: nameref 2016/05/21 v2.44 Cross-referencing by name of section
 (/usr/share/texlive/texmf-dist/tex/generic/oberdiek/gettitlestring.sty
Package: gettitlestring 2016/05/16 v1.5 Cleanup title references (HO)
)
\c@section@level=\count173
) (/usr/share/texlive/texmf-dist/tex/latex/oberdiek/pdflscape.sty
Package: pdflscape 2016/05/14 v0.11 Display of landscape pages in PDF (HO)
 (/usr/share/texlive/texmf-dist/tex/latex/graphics/lscape.sty
Package: lscape 2000/10/22 v3.01 Landscape Pages (DPC)
)
Package pdflscape Info: Auto-detected driver: pdftex on input line 81.
) (/usr/share/texlive/texmf-dist/tex/latex/changepage/changepage.sty
Package: changepage 2009/10/20 v1.0c check page and change page layout
\c@cp@cntr=\count174
\cp@tempcnt=\count175
) (/usr/share/texlive/texmf-dist/tex/latex/algorithm2e/algorithm2e.sty
Package: algorithm2e 2017/07/18 v5.2 algorithms environments
\c@AlgoLine=\count176
\algocf@hangindent=\skip63
 (/usr/share/texlive/texmf-dist/tex/latex/ifoddpage/ifoddpage.sty
Package: ifoddpage 2016/04/23 v1.1 Conditionals for odd/even page detection
\c@checkoddpage=\count177
LaTeX Info: Redefining \checkoddpage on input line 45.
) (/usr/share/texlive/texmf-dist/tex/latex/tools/xspace.sty
Package: xspace 2014/10/28 v1.13 Space after command names (DPC,MH)
) (/usr/share/texlive/texmf-dist/tex/latex/relsize/relsize.sty
Package: relsize 2013/03/29 ver 4.1
)
\skiptotal=\skip64
\skiplinenumber=\skip65
\skiprule=\skip66
\skiphlne=\skip67
\skiptext=\skip68
\skiplength=\skip69
\algomargin=\skip70
\skipalgocfslide=\skip71
\algowidth=\dimen198
\inoutsize=\dimen199
\inoutindent=\dimen256
\interspacetitleruled=\dimen257
\interspacealgoruled=\dimen258
\interspacetitleboxruled=\dimen259
\algocf@ruledwidth=\skip72
\algocf@inoutbox=\box50
\algocf@inputbox=\box51
\AlCapSkip=\skip73
\AlCapHSkip=\skip74
\algoskipindent=\skip75
\algocf@nlbox=\box52
\algocf@hangingbox=\box53
\algocf@untilbox=\box54
\algocf@skipuntil=\skip76
\algocf@capbox=\box55
\algocf@lcaptionbox=\skip77
\algoheightruledefault=\skip78
\algoheightrule=\skip79
\algotitleheightruledefault=\skip80
\algotitleheightrule=\skip81
\c@algocfline=\count178
\c@algocfproc=\count179
\c@algocf=\count180
\algocf@algoframe=\box56
\algocf@algobox=\box57
) (/usr/share/texlive/texmf-dist/tex/latex/enumitem/enumitem.sty
Package: enumitem 2019/02/04 v3.8 Customized lists
\labelindent=\skip82
\enit@outerparindent=\dimen260
\enit@toks=\toks54
\enit@inbox=\box58
\enit@count@id=\count181
\enitdp@description=\count182
) (/usr/share/texlive/texmf-dist/tex/latex/booktabs/booktabs.sty
Package: booktabs 2016/04/27 v1.618033 publication quality tables
\heavyrulewidth=\dimen261
\lightrulewidth=\dimen262
\cmidrulewidth=\dimen263
\belowrulesep=\dimen264
\belowbottomsep=\dimen265
\aboverulesep=\dimen266
\abovetopsep=\dimen267
\cmidrulesep=\dimen268
\cmidrulekern=\dimen269
\defaultaddspace=\dimen270
\@cmidla=\count183
\@cmidlb=\count184
\@aboverulesep=\dimen271
\@belowrulesep=\dimen272
\@thisruleclass=\count185
\@lastruleclass=\count186
\@thisrulewidth=\dimen273
) (/usr/share/texlive/texmf-dist/tex/latex/caption/caption.sty
Package: caption 2018/10/06 v3.3-154 Customizing captions (AR)
 (/usr/share/texlive/texmf-dist/tex/latex/caption/caption3.sty
Package: caption3 2018/09/12 v1.8c caption3 kernel (AR)
Package caption3 Info: TeX engine: e-TeX on input line 64.
\captionmargin=\dimen274
\captionmargin@=\dimen275
\captionwidth=\dimen276
\caption@tempdima=\dimen277
\caption@indent=\dimen278
\caption@parindent=\dimen279
\caption@hangindent=\dimen280
)
\c@caption@flags=\count187
\c@ContinuedFloat=\count188
Package caption Info: float package is loaded.
Package caption Info: hyperref package is loaded.
Package caption Info: longtable package is loaded.
 (/usr/share/texlive/texmf-dist/tex/latex/caption/ltcaption.sty
Package: ltcaption 2018/08/26 v1.4-95 longtable captions (AR)
)
Package caption Info: supertabular package is loaded.
) (/usr/share/texlive/texmf-dist/tex/latex/cellspace/cellspace.sty
Package: cellspace 2017/08/12 v1.7 Spacing table cells (JN)
 (/usr/share/texlive/texmf-dist/tex/latex/tools/calc.sty
Package: calc 2017/05/25 v4.3 Infix arithmetic (KKT,FJ)
\calc@Acount=\count189
\calc@Bcount=\count190
\calc@Adimen=\dimen281
\calc@Bdimen=\dimen282
\calc@Askip=\skip83
\calc@Bskip=\skip84
LaTeX Info: Redefining \setlength on input line 80.
LaTeX Info: Redefining \addtolength on input line 81.
\calc@Ccount=\count191
\calc@Cskip=\skip85
)

LaTeX Warning: Command \@startpbox  has changed.
               Check if current package is valid.


LaTeX Warning: Command \@endpbox  has changed.
               Check if current package is valid.

\cellspacetoplimit=\dimen283
\cellspacebottomlimit=\dimen284
\cellspace@firstht=\dimen285
\cellspace@lastdp=\dimen286
) (/usr/share/texlive/texmf-dist/tex/latex/makecell/makecell.sty
Package: makecell 2009/08/03 V0.1e Managing of Tab Column Heads and Cells
\rotheadsize=\dimen287
\c@nlinenum=\count192
\TeXr@lab=\toks55
) (/usr/share/texlive/texmf-dist/tex/latex/appendix/appendix.sty
Package: appendix 2009/09/02 v1.2b extra appendix facilities
\c@@pps=\count193
\c@@ppsavesec=\count194
\c@@ppsaveapp=\count195
) (/usr/share/texlive/texmf-dist/tex/latex/caption/subcaption.sty
Package: subcaption 2018/05/01 v1.1-162 Sub-captions (AR)
\c@subfigure=\count196
\c@subtable=\count197
) (/usr/share/texlive/texmf-dist/tex/latex/geometry/geometry.sty
Package: geometry 2018/04/16 v5.8 Page Geometry
\Gm@cnth=\count198
\Gm@cntv=\count199
\c@Gm@tempcnt=\count266
\Gm@bindingoffset=\dimen288
\Gm@wd@mp=\dimen289
\Gm@odd@mp=\dimen290
\Gm@even@mp=\dimen291
\Gm@layoutwidth=\dimen292
\Gm@layoutheight=\dimen293
\Gm@layouthoffset=\dimen294
\Gm@layoutvoffset=\dimen295
\Gm@dimlist=\toks56
) (/usr/share/texlive/texmf-dist/tex/latex/tools/indentfirst.sty
Package: indentfirst 1995/11/23 v1.03 Indent first paragraph (DPC)
) (/usr/share/texlive/texmf-dist/tex/latex/csquotes/csquotes.sty
Package: csquotes 2018/04/13 v5.2d context-sensitive quotations (JAW)
\csq@reset=\count267
\csq@gtype=\count268
\csq@glevel=\count269
\csq@qlevel=\count270
\csq@maxlvl=\count271
\csq@tshold=\count272
\csq@ltx@everypar=\toks57
 (/usr/share/texlive/texmf-dist/tex/latex/csquotes/csquotes.def
File: csquotes.def 2018/04/13 v5.2d csquotes generic definitions (JAW)
)
Package csquotes Info: Trying to load configuration file 'csquotes.cfg'...
Package csquotes Info: ... configuration file loaded successfully.
 (/usr/share/texlive/texmf-dist/tex/latex/csquotes/csquotes.cfg
File: csquotes.cfg 
)) (/usr/share/texlive/texmf-dist/tex/latex/biblatex/biblatex.sty
Package: biblatex 2018/11/02 v3.12 programmable bibliographies (PK/MW)
 (/usr/share/texlive/texmf-dist/tex/latex/logreq/logreq.sty
Package: logreq 2010/08/04 v1.0 xml request logger
\lrq@indent=\count273
 (/usr/share/texlive/texmf-dist/tex/latex/logreq/logreq.def
File: logreq.def 2010/08/04 v1.0 logreq spec v1.0
))
\c@tabx@nest=\count274
\c@listtotal=\count275
\c@listcount=\count276
\c@liststart=\count277
\c@liststop=\count278
\c@citecount=\count279
\c@citetotal=\count280
\c@multicitecount=\count281
\c@multicitetotal=\count282
\c@instcount=\count283
\c@maxnames=\count284
\c@minnames=\count285
\c@maxitems=\count286
\c@minitems=\count287
\c@citecounter=\count288
\c@maxcitecounter=\count289
\c@savedcitecounter=\count290
\c@uniquelist=\count291
\c@uniquename=\count292
\c@refsection=\count293
\c@refsegment=\count294
\c@maxextratitle=\count295
\c@maxextratitleyear=\count296
\c@maxextraname=\count297
\c@maxextradate=\count298
\c@maxextraalpha=\count299
\c@abbrvpenalty=\count300
\c@highnamepenalty=\count301
\c@lownamepenalty=\count302
\c@maxparens=\count303
\c@parenlevel=\count304
\blx@tempcnta=\count305
\blx@tempcntb=\count306
\blx@tempcntc=\count307
\blx@maxsection=\count308
\blx@maxsegment@0=\count309
\blx@notetype=\count310
\blx@parenlevel@text=\count311
\blx@parenlevel@foot=\count312
\blx@sectionciteorder@0=\count313
\blx@entrysetcounter=\count314
\labelnumberwidth=\skip86
\labelalphawidth=\skip87
\biblabelsep=\skip88
\bibitemsep=\skip89
\bibnamesep=\skip90
\bibinitsep=\skip91
\bibparsep=\skip92
\bibhang=\skip93
\blx@bcfin=\read2
\blx@bcfout=\write5
\c@mincomprange=\count315
\c@maxcomprange=\count316
\c@mincompwidth=\count317
Package biblatex Info: Trying to load biblatex default data model...
Package biblatex Info: ... file 'blx-dm.def' found.
 (/usr/share/texlive/texmf-dist/tex/latex/biblatex/blx-dm.def
File: blx-dm.def 2018/11/02 v3.12 biblatex localization (PK/MW)
)
Package biblatex Info: Trying to load biblatex citestyle data model...
Package biblatex Info: ... file 'ieee.dbx' not found.
Package biblatex Info: Trying to load biblatex custom data model...
Package biblatex Info: ... file 'biblatex-dm.cfg' not found.
\c@afterword=\count318
\c@savedafterword=\count319
\c@annotator=\count320
\c@savedannotator=\count321
\c@author=\count322
\c@savedauthor=\count323
\c@bookauthor=\count324
\c@savedbookauthor=\count325
\c@commentator=\count326
\c@savedcommentator=\count327
\c@editor=\count328
\c@savededitor=\count329
\c@editora=\count330
\c@savededitora=\count331
\c@editorb=\count332
\c@savededitorb=\count333
\c@editorc=\count334
\c@savededitorc=\count335
\c@foreword=\count336
\c@savedforeword=\count337
\c@holder=\count338
\c@savedholder=\count339
\c@introduction=\count340
\c@savedintroduction=\count341
\c@namea=\count342
\c@savednamea=\count343
\c@nameb=\count344
\c@savednameb=\count345
\c@namec=\count346
\c@savednamec=\count347
\c@translator=\count348
\c@savedtranslator=\count349
\c@shortauthor=\count350
\c@savedshortauthor=\count351
\c@shorteditor=\count352
\c@savedshorteditor=\count353
\c@labelname=\count354
\c@savedlabelname=\count355
\c@institution=\count356
\c@savedinstitution=\count357
\c@lista=\count358
\c@savedlista=\count359
\c@listb=\count360
\c@savedlistb=\count361
\c@listc=\count362
\c@savedlistc=\count363
\c@listd=\count364
\c@savedlistd=\count365
\c@liste=\count366
\c@savedliste=\count367
\c@listf=\count368
\c@savedlistf=\count369
\c@location=\count370
\c@savedlocation=\count371
\c@organization=\count372
\c@savedorganization=\count373
\c@origlocation=\count374
\c@savedoriglocation=\count375
\c@origpublisher=\count376
\c@savedorigpublisher=\count377
\c@publisher=\count378
\c@savedpublisher=\count379
\c@language=\count380
\c@savedlanguage=\count381
\c@origlanguage=\count382
\c@savedoriglanguage=\count383
\c@pageref=\count384
\c@savedpageref=\count385
\shorthandwidth=\skip94
\shortjournalwidth=\skip95
\shortserieswidth=\skip96
\shorttitlewidth=\skip97
\shortauthorwidth=\skip98
\shorteditorwidth=\skip99
\locallabelnumberwidth=\skip100
\locallabelalphawidth=\skip101
\localshorthandwidth=\skip102
\localshortjournalwidth=\skip103
\localshortserieswidth=\skip104
\localshorttitlewidth=\skip105
\localshortauthorwidth=\skip106
\localshorteditorwidth=\skip107
Package biblatex Info: Trying to load compatibility code...
Package biblatex Info: ... file 'blx-compat.def' found.
 (/usr/share/texlive/texmf-dist/tex/latex/biblatex/blx-compat.def
File: blx-compat.def 2018/11/02 v3.12 biblatex compatibility (PK/MW)
)
Package biblatex Info: Trying to load generic definitions...
Package biblatex Info: ... file 'biblatex.def' found.
 (/usr/share/texlive/texmf-dist/tex/latex/biblatex/biblatex.def
File: biblatex.def 2018/11/02 v3.12 biblatex compatibility (PK/MW)
\c@textcitecount=\count386
\c@textcitetotal=\count387
\c@textcitemaxnames=\count388
\c@biburlnumpenalty=\count389
\c@biburlucpenalty=\count390
\c@biburllcpenalty=\count391
\c@smartand=\count392
)
Package biblatex Info: Trying to load natbib compatibility...
Package biblatex Info: ... file 'blx-natbib.def' found.
 (/usr/share/texlive/texmf-dist/tex/latex/biblatex/blx-natbib.def
File: blx-natbib.def 2018/11/02 v3.12 biblatex compatibility (PK/MW)
Package biblatex Info: Delimiter 'nameyeardelim' in context '' already defined, overwriting.
)
Package biblatex Info: Trying to load bibliography style 'ieee'...
Package biblatex Info: ... file 'ieee.bbx' found.
 (/usr/share/texlive/texmf-dist/tex/latex/biblatex-ieee/ieee.bbx
File: ieee.bbx 2018/08/20 v1.3 biblatex bibliography style
Package biblatex Info: Trying to load bibliography style 'numeric-comp'...
Package biblatex Info: ... file 'numeric-comp.bbx' found.
 (/usr/share/texlive/texmf-dist/tex/latex/biblatex/bbx/numeric-comp.bbx
File: numeric-comp.bbx 2018/11/02 v3.12 biblatex bibliography style (PK/MW)
Package biblatex Info: Trying to load bibliography style 'numeric'...
Package biblatex Info: ... file 'numeric.bbx' found.
 (/usr/share/texlive/texmf-dist/tex/latex/biblatex/bbx/numeric.bbx
File: numeric.bbx 2018/11/02 v3.12 biblatex bibliography style (PK/MW)
Package biblatex Info: Trying to load bibliography style 'standard'...
Package biblatex Info: ... file 'standard.bbx' found.
 (/usr/share/texlive/texmf-dist/tex/latex/biblatex/bbx/standard.bbx
File: standard.bbx 2018/11/02 v3.12 biblatex bibliography style (PK/MW)
\c@bbx:relatedcount=\count393
\c@bbx:relatedtotal=\count394
))))
Package biblatex Info: Trying to load citation style 'ieee'...
Package biblatex Info: ... file 'ieee.cbx' found.
 (/usr/share/texlive/texmf-dist/tex/latex/biblatex-ieee/ieee.cbx
File: ieee.cbx 2018/08/20 v1.3 biblatex citation style
Package biblatex Info: Trying to load citation style 'numeric-comp'...
Package biblatex Info: ... file 'numeric-comp.cbx' found.
 (/usr/share/texlive/texmf-dist/tex/latex/biblatex/cbx/numeric-comp.cbx
File: numeric-comp.cbx 2018/11/02 v3.12 biblatex citation style (PK/MW)
\c@cbx@tempcnta=\count395
\c@cbx@tempcntb=\count396
Package biblatex Info: Redefining '\cite'.
Package biblatex Info: Redefining '\parencite'.
Package biblatex Info: Redefining '\footcite'.
Package biblatex Info: Redefining '\footcitetext'.
Package biblatex Info: Redefining '\smartcite'.
Package biblatex Info: Redefining '\supercite'.
Package biblatex Info: Redefining '\textcite'.
Package biblatex Info: Redefining '\textcites'.
Package biblatex Info: Redefining '\cites'.
Package biblatex Info: Redefining '\parencites'.
Package biblatex Info: Redefining '\smartcites'.
)
Package biblatex Info: Redefining '\cite'.
Package biblatex Info: Redefining '\cites'.
)
Package biblatex Info: Trying to load configuration file...
Package biblatex Info: ... file 'biblatex.cfg' found.
 (/usr/share/texlive/texmf-dist/tex/latex/biblatex/biblatex.cfg
File: biblatex.cfg 
)) (/usr/share/texlive/texmf-dist/tex/latex/fancyhdr/fancyhdr.sty
Package: fancyhdr 2019/01/31 v3.10 Extensive control of page headers and footers
\f@nch@headwidth=\skip108
\f@nch@O@elh=\skip109
\f@nch@O@erh=\skip110
\f@nch@O@olh=\skip111
\f@nch@O@orh=\skip112
\f@nch@O@elf=\skip113
\f@nch@O@erf=\skip114
\f@nch@O@olf=\skip115
\f@nch@O@orf=\skip116
)
\glswrite=\write6
\glo@main@file=\write7
\openout7 = `main.glo'.

Package glossaries Info: Writing glossary file main.glo on input line 169.
Package csquotes Info: Checking for multilingual support...
Package csquotes Info: ... found 'babel' package.
Package csquotes Info: Adjusting default style.
Package csquotes Info: Redefining alias 'default' -> 'english'.


Package biblatex Warning: File 'english-ieee.lbx' not found!
(biblatex)                Ignoring mapping 'english' -> 'english-ieee'.

Package biblatex Info: Trying to load language 'english'...
Package biblatex Info: ... file 'english.lbx' found.
(/usr/share/texlive/texmf-dist/tex/latex/biblatex/lbx/english.lbx
File: english.lbx 2018/11/02 v3.12 biblatex localization (PK/MW)
) (/mnt/B6C8BAECC8BAAA4F/André/UC/Tese/MScThesis/MScThesisReport/main.aux)
\openout1 = `main.aux'.

LaTeX Font Info:    Checking defaults for OML/cmm/m/it on input line 175.
LaTeX Font Info:    ... okay on input line 175.
LaTeX Font Info:    Checking defaults for T1/cmr/m/n on input line 175.
LaTeX Font Info:    ... okay on input line 175.
LaTeX Font Info:    Checking defaults for OT1/cmr/m/n on input line 175.
LaTeX Font Info:    ... okay on input line 175.
LaTeX Font Info:    Checking defaults for OMS/cmsy/m/n on input line 175.
LaTeX Font Info:    ... okay on input line 175.
LaTeX Font Info:    Checking defaults for OMX/cmex/m/n on input line 175.
LaTeX Font Info:    ... okay on input line 175.
LaTeX Font Info:    Checking defaults for U/cmr/m/n on input line 175.
LaTeX Font Info:    ... okay on input line 175.
LaTeX Font Info:    Checking defaults for PD1/pdf/m/n on input line 175.
LaTeX Font Info:    ... okay on input line 175.
 (/usr/share/texlive/texmf-dist/tex/context/base/mkii/supp-pdf.mkii
[Loading MPS to PDF converter (version 2006.09.02).]
\scratchcounter=\count397
\scratchdimen=\dimen296
\scratchbox=\box59
\nofMPsegments=\count398
\nofMParguments=\count399
\everyMPshowfont=\toks58
\MPscratchCnt=\count400
\MPscratchDim=\dimen297
\MPnumerator=\count401
\makeMPintoPDFobject=\count402
\everyMPtoPDFconversion=\toks59
) (/usr/share/texlive/texmf-dist/tex/latex/oberdiek/epstopdf-base.sty
Package: epstopdf-base 2016/05/15 v2.6 Base part for package epstopdf
 (/usr/share/texlive/texmf-dist/tex/latex/oberdiek/grfext.sty
Package: grfext 2016/05/16 v1.2 Manage graphics extensions (HO)
)
Package epstopdf-base Info: Redefining graphics rule for `.eps' on input line 438.
Package grfext Info: Graphics extension search list:
(grfext)             [.pdf,.png,.jpg,.mps,.jpeg,.jbig2,.jb2,.PDF,.PNG,.JPG,.JPEG,.JBIG2,.JB2,.eps]
(grfext)             \AppendGraphicsExtensions on input line 456.
 (/usr/share/texlive/texmf-dist/tex/latex/latexconfig/epstopdf-sys.cfg
File: epstopdf-sys.cfg 2010/07/13 v1.3 Configuration of (r)epstopdf for TeX Live
))
\AtBeginShipoutBox=\box60
Package hyperref Info: Link coloring OFF on input line 175.
LaTeX Info: Redefining \ref on input line 175.
LaTeX Info: Redefining \pageref on input line 175.
LaTeX Info: Redefining \nameref on input line 175.
 (/mnt/B6C8BAECC8BAAA4F/André/UC/Tese/MScThesis/MScThesisReport/main.out) (/mnt/B6C8BAECC8BAAA4F/André/UC/Tese/MScThesis/MScThesisReport/main.out)
\@outlinefile=\write8
\openout8 = `main.out'.

 (/mnt/B6C8BAECC8BAAA4F/André/UC/Tese/MScThesis/MScThesisReport/main.glsdefs) ABD: EveryShipout initializing macros

Package pgfplots Warning: running in backwards compatibility mode (unsuitable tick labels; missing features). Consider writing \pgfplotsset{compat=1.16} into your preamble.
 on input line 175.

Package caption Info: Begin \AtBeginDocument code.
Package caption Info: End \AtBeginDocument code.
*geometry* driver: auto-detecting
*geometry* detected driver: pdftex
*geometry* verbose mode - [ preamble ] result:
* driver: pdftex
* paper: a4paper
* layout: <same size as paper>
* layoutoffset:(h,v)=(0.0pt,0.0pt)
* modes: twoside 
* h-part:(L,W,R)=(99.58464pt, 426.79135pt, 71.13188pt)
* v-part:(T,H,B)=(71.13188pt, 702.78308pt, 71.13188pt)
* \paperwidth=597.50787pt
* \paperheight=845.04684pt
* \textwidth=426.79135pt
* \textheight=702.78308pt
* \oddsidemargin=27.31465pt
* \evensidemargin=-1.1381pt
* \topmargin=-25.1381pt
* \headheight=12.0pt
* \headsep=12.0pt
* \topskip=11.0pt
* \footskip=30.0pt
* \marginparwidth=113.0pt
* \marginparsep=10.0pt
* \columnsep=10.0pt
* \skip\footins=10.0pt plus 4.0pt minus 2.0pt
* \hoffset=0.0pt
* \voffset=0.0pt
* \mag=1000
* \@twocolumnfalse
* \@twosidetrue
* \@mparswitchtrue
* \@reversemarginfalse
* (1in=72.27pt=25.4mm, 1cm=28.453pt)

Package biblatex Info: Input encoding 'utf8' detected.
Package biblatex Info: Automatic encoding selection.
(biblatex)             Assuming data encoding 'utf8'.
\openout5 = `main.bcf'.

Package biblatex Info: Trying to load bibliographic data...
Package biblatex Info: ... file 'main.bbl' found.
(/mnt/B6C8BAECC8BAAA4F/André/UC/Tese/MScThesis/MScThesisReport/main.bbl

Package biblatex Warning: The following entry could not be found
(biblatex)                in the database:
(biblatex)                graph_frameworks_performance_evaluation
(biblatex)                Please verify the spelling and rerun
(biblatex)                LaTeX afterwards.

)
Package biblatex Info: Reference section=0 on input line 175.
Package biblatex Info: Reference segment=0 on input line 175.
 (/mnt/B6C8BAECC8BAAA4F/André/UC/Tese/MScThesis/MScThesisReport/chapters/0-cover.tex

pdfTeX warning: pdflatex (file /mnt/B6C8BAECC8BAAA4F/André/UC/Tese/MScThesis/MScThesisReport/images/fctuc-logo.pdf): PDF inclusion: found PDF version <1.7>, but at most version <1.5> allowed
<images/fctuc-logo.pdf, id=191, 596.04886pt x 791.39261pt>
File: images/fctuc-logo.pdf Graphic file (type pdf)
<use images/fctuc-logo.pdf>
Package pdftex.def Info: images/fctuc-logo.pdf  used on input line 22.
(pdftex.def)             Requested size: 213.39568pt x 283.33128pt.
[1

\openout6 = `main.ist'.

{/var/lib/texmf/fonts/map/pdftex/updmap/pdftex.map} </mnt/B6C8BAECC8BAAA4F/André/UC/Tese/MScThesis/MScThesisReport/images/fctuc-logo.pdf>])pdfTeX warning (ext4): destination with the same identifier (name{page.}) has been already used, duplicate ignored
<to be read again> 
                   \relax 
l.180 \blankpage
                 [2] (/mnt/B6C8BAECC8BAAA4F/André/UC/Tese/MScThesis/MScThesisReport/chapters/0-acronyms.tex
\@gls@deffile=\write9
\openout9 = `main.glsdefs'.

) (/mnt/B6C8BAECC8BAAA4F/André/UC/Tese/MScThesis/MScThesisReport/chapters/0-abstract-EN.tex
*geometry* verbose mode - [ newgeometry ] result:
* driver: pdftex
* paper: a4paper
* layout: <same size as paper>
* layoutoffset:(h,v)=(0.0pt,0.0pt)
* modes: twoside 
* h-part:(L,W,R)=(227.62204pt, 298.18417pt, 71.70166pt)
* v-part:(T,H,B)=(101.40665pt, 591.5302pt, 152.11pt)
* \paperwidth=597.50787pt
* \paperheight=845.04684pt
* \textwidth=298.18417pt
* \textheight=591.5302pt
* \oddsidemargin=155.35205pt
* \evensidemargin=-0.56833pt
* \topmargin=5.13666pt
* \headheight=12.0pt
* \headsep=12.0pt
* \topskip=11.0pt
* \footskip=30.0pt
* \marginparwidth=113.0pt
* \marginparsep=10.0pt
* \columnsep=10.0pt
* \skip\footins=10.0pt plus 4.0pt minus 2.0pt
* \hoffset=0.0pt
* \voffset=0.0pt
* \mag=1000
* \@twocolumnfalse
* \@twosidetrue
* \@mparswitchtrue
* \@reversemarginfalse
* (1in=72.27pt=25.4mm, 1cm=28.453pt)



Package Fancyhdr Warning: \headheight is too small (12.0pt): 
Make it at least 13.59999pt.
We now make it that large for the rest of the document.
This may cause the page layout to be inconsistent, however.

[1

]) [2

] (/mnt/B6C8BAECC8BAAA4F/André/UC/Tese/MScThesis/MScThesisReport/chapters/0-abstract-PT.tex
*geometry* verbose mode - [ newgeometry ] result:
* driver: pdftex
* paper: a4paper
* layout: <same size as paper>
* layoutoffset:(h,v)=(0.0pt,0.0pt)
* modes: twoside 
* h-part:(L,W,R)=(227.62204pt, 298.18417pt, 71.70166pt)
* v-part:(T,H,B)=(101.40665pt, 591.5302pt, 152.11pt)
* \paperwidth=597.50787pt
* \paperheight=845.04684pt
* \textwidth=298.18417pt
* \textheight=591.5302pt
* \oddsidemargin=155.35205pt
* \evensidemargin=-0.56833pt
* \topmargin=5.13666pt
* \headheight=12.0pt
* \headsep=12.0pt
* \topskip=11.0pt
* \footskip=30.0pt
* \marginparwidth=113.0pt
* \marginparsep=10.0pt
* \columnsep=10.0pt
* \skip\footins=10.0pt plus 4.0pt minus 2.0pt
* \hoffset=0.0pt
* \voffset=0.0pt
* \mag=1000
* \@twocolumnfalse
* \@twosidetrue
* \@mparswitchtrue
* \@reversemarginfalse
* (1in=72.27pt=25.4mm, 1cm=28.453pt)



Package Fancyhdr Warning: \headheight is too small (12.0pt): 
Make it at least 13.59999pt.
We now make it that large for the rest of the document.
This may cause the page layout to be inconsistent, however.

[3

]) [4

] (/mnt/B6C8BAECC8BAAA4F/André/UC/Tese/MScThesis/MScThesisReport/chapters/0-acknowledgments.tex
*geometry* verbose mode - [ newgeometry ] result:
* driver: pdftex
* paper: a4paper
* layout: <same size as paper>
* layoutoffset:(h,v)=(0.0pt,0.0pt)
* modes: twoside 
* h-part:(L,W,R)=(142.26378pt, 383.54243pt, 71.70166pt)
* v-part:(T,H,B)=(101.40665pt, 591.5302pt, 152.11pt)
* \paperwidth=597.50787pt
* \paperheight=845.04684pt
* \textwidth=383.54243pt
* \textheight=591.5302pt
* \oddsidemargin=69.99379pt
* \evensidemargin=-0.56833pt
* \topmargin=5.13666pt
* \headheight=12.0pt
* \headsep=12.0pt
* \topskip=11.0pt
* \footskip=30.0pt
* \marginparwidth=113.0pt
* \marginparsep=10.0pt
* \columnsep=10.0pt
* \skip\footins=10.0pt plus 4.0pt minus 2.0pt
* \hoffset=0.0pt
* \voffset=0.0pt
* \mag=1000
* \@twocolumnfalse
* \@twosidetrue
* \@mparswitchtrue
* \@reversemarginfalse
* (1in=72.27pt=25.4mm, 1cm=28.453pt)



Package Fancyhdr Warning: \headheight is too small (12.0pt): 
Make it at least 13.59999pt.
We now make it that large for the rest of the document.
This may cause the page layout to be inconsistent, however.

[5

]) [6

] (/mnt/B6C8BAECC8BAAA4F/André/UC/Tese/MScThesis/MScThesisReport/main.toc [7

])
\tf@toc=\write10
\openout10 = `main.toc'.



Package Fancyhdr Warning: \headheight is too small (12.0pt): 
Make it at least 13.59999pt.
We now make it that large for the rest of the document.
This may cause the page layout to be inconsistent, however.

[8] [9]
No file main.gls.
[10] [11] (/mnt/B6C8BAECC8BAAA4F/André/UC/Tese/MScThesis/MScThesisReport/main.lof)
\tf@lof=\write11
\openout11 = `main.lof'.

 [12

] [13] (/mnt/B6C8BAECC8BAAA4F/André/UC/Tese/MScThesis/MScThesisReport/main.lot)
\tf@lot=\write12
\openout12 = `main.lot'.

 [14

] [15] (/mnt/B6C8BAECC8BAAA4F/André/UC/Tese/MScThesis/MScThesisReport/chapters/1-introduction.tex
Chapter 1.
[1

] [2]
LaTeX Font Info:    Try loading font information for OMS+cmr on input line 42.
 (/usr/share/texlive/texmf-dist/tex/latex/base/omscmr.fd
File: omscmr.fd 2014/09/29 v2.5h Standard LaTeX font definitions
)
LaTeX Font Info:    Font shape `OMS/cmr/m/n' in size <10.95> not available
(Font)              Font shape `OMS/cmsy/m/n' tried instead on input line 42.
 [3]) (/mnt/B6C8BAECC8BAAA4F/André/UC/Tese/MScThesis/MScThesisReport/chapters/2-methodology.tex [4]
Chapter 2.
<images/proposed_work_plan_semester_1_and_2.pdf, id=527, 805.00003pt x 91.21562pt>
File: images/proposed_work_plan_semester_1_and_2.pdf Graphic file (type pdf)
<use images/proposed_work_plan_semester_1_and_2.pdf>
Package pdftex.def Info: images/proposed_work_plan_semester_1_and_2.pdf  used on input line 21.
(pdftex.def)             Requested size: 426.79135pt x 48.36075pt.

Underfull \vbox (badness 10000) has occurred while \output is active []

 [5

]

pdfTeX warning: pdflatex (file /mnt/B6C8BAECC8BAAA4F/André/UC/Tese/MScThesis/MScThesisReport/images/real_work_plan_semester_1.pdf): PDF inclusion: found PDF version <1.7>, but at most version <1.5> allowed
<images/real_work_plan_semester_1.pdf, id=534, 843.77533pt x 118.25981pt>
File: images/real_work_plan_semester_1.pdf Graphic file (type pdf)
<use images/real_work_plan_semester_1.pdf>
Package pdftex.def Info: images/real_work_plan_semester_1.pdf  used on input line 28.
(pdftex.def)             Requested size: 426.79199pt x 106.69809pt.

LaTeX Warning: Reference `fig:proposed_work_plan_semester_2' on page 6 undefined on input line 35.



pdfTeX warning: pdflatex (file /mnt/B6C8BAECC8BAAA4F/André/UC/Tese/MScThesis/MScThesisReport/images/foreseen_work_plan_semester_2.pdf): PDF inclusion: found PDF version <1.7>, but at most version <1.5> allowed
<images/foreseen_work_plan_semester_2.pdf, id=539, 846.8729pt x 297.62091pt>
File: images/foreseen_work_plan_semester_2.pdf Graphic file (type pdf)
<use images/foreseen_work_plan_semester_2.pdf>
Package pdftex.def Info: images/foreseen_work_plan_semester_2.pdf  used on input line 39.
(pdftex.def)             Requested size: 426.79135pt x 149.99081pt.

Underfull \vbox (badness 10000) has occurred while \output is active []

 [6 </mnt/B6C8BAECC8BAAA4F/André/UC/Tese/MScThesis/MScThesisReport/images/proposed_work_plan_semester_1_and_2.pdf> </mnt/B6C8BAECC8BAAA4F/André/UC/Tese/MScThesis/MScThesisReport/images/real_work_plan_semester_1.pdf>] [7 </mnt/B6C8BAECC8BAAA4F/André/UC/Tese/MScThesis/MScThesisReport/images/foreseen_work_plan_semester_2.pdf>] [8]) (/mnt/B6C8BAECC8BAAA4F/André/UC/Tese/MScThesis/MScThesisReport/chapters/3-state-of-the-art.tex
Chapter 3.
[9

]

pdfTeX warning: pdflatex (file /mnt/B6C8BAECC8BAAA4F/André/UC/Tese/MScThesis/MScThesisReport/images/monolithic_and_microservices.pdf): PDF inclusion: found PDF version <1.7>, but at most version <1.5> allowed
<images/monolithic_and_microservices.pdf, id=3682, 639.89063pt x 391.4625pt>
File: images/monolithic_and_microservices.pdf Graphic file (type pdf)
<use images/monolithic_and_microservices.pdf>
Package pdftex.def Info: images/monolithic_and_microservices.pdf  used on input line 27.
(pdftex.def)             Requested size: 426.79135pt x 261.09581pt.

Underfull \vbox (badness 1253) has occurred while \output is active []

 [10 </mnt/B6C8BAECC8BAAA4F/André/UC/Tese/MScThesis/MScThesisReport/images/monolithic_and_microservices.pdf>]

pdfTeX warning: pdflatex (file /mnt/B6C8BAECC8BAAA4F/André/UC/Tese/MScThesis/MScThesisReport/images/traces-and-spans.pdf): PDF inclusion: found PDF version <1.7>, but at most version <1.5> allowed
<images/traces-and-spans.pdf, id=3706, 841.88226pt x 562.94514pt>
File: images/traces-and-spans.pdf Graphic file (type pdf)
<use images/traces-and-spans.pdf>
Package pdftex.def Info: images/traces-and-spans.pdf  used on input line 71.
(pdftex.def)             Requested size: 256.07741pt x 171.22987pt.
[11]
<images/span_tree_example.pdf, id=3720, 312.20638pt x 153.6942pt>
File: images/span_tree_example.pdf Graphic file (type pdf)
<use images/span_tree_example.pdf>
Package pdftex.def Info: images/span_tree_example.pdf  used on input line 80.
(pdftex.def)             Requested size: 341.43437pt x 168.09087pt.
 [12 </mnt/B6C8BAECC8BAAA4F/André/UC/Tese/MScThesis/MScThesisReport/images/traces-and-spans.pdf> </mnt/B6C8BAECC8BAAA4F/André/UC/Tese/MScThesis/MScThesisReport/images/span_tree_example.pdf

pdfTeX warning: pdflatex (file /mnt/B6C8BAECC8BAAA4F/André/UC/Tese/MScThesis/MScThesisReport/images/span_tree_example.pdf): PDF inclusion: invalid other resource which is no dict (key 'ProcSets', type <array>); ignored.
>]

pdfTeX warning: pdflatex (file /mnt/B6C8BAECC8BAAA4F/André/UC/Tese/MScThesis/MScThesisReport/images/graph_visual_representation.pdf): PDF inclusion: found PDF version <1.7>, but at most version <1.5> allowed
<images/graph_visual_representation.pdf, id=3758, 136.25906pt x 136.25906pt>
File: images/graph_visual_representation.pdf Graphic file (type pdf)
<use images/graph_visual_representation.pdf>
Package pdftex.def Info: images/graph_visual_representation.pdf  used on input line 100.
(pdftex.def)             Requested size: 128.0387pt x 128.0461pt.
[13 </mnt/B6C8BAECC8BAAA4F/André/UC/Tese/MScThesis/MScThesisReport/images/graph_visual_representation.pdf>]

pdfTeX warning: pdflatex (file /mnt/B6C8BAECC8BAAA4F/André/UC/Tese/MScThesis/MScThesisReport/images/popularity_of_time_series_databases.pdf): PDF inclusion: found PDF version <1.7>, but at most version <1.5> allowed
<images/popularity_of_time_series_databases.pdf, id=3787, 730.22812pt x 375.65344pt>
File: images/popularity_of_time_series_databases.pdf Graphic file (type pdf)
<use images/popularity_of_time_series_databases.pdf>
Package pdftex.def Info: images/popularity_of_time_series_databases.pdf  used on input line 138.
(pdftex.def)             Requested size: 426.79135pt x 219.55289pt.

Underfull \vbox (badness 10000) has occurred while \output is active []

 [14] [15 </mnt/B6C8BAECC8BAAA4F/André/UC/Tese/MScThesis/MScThesisReport/images/popularity_of_time_series_databases.pdf>]
Underfull \hbox (badness 10000) in paragraph at lines 223--223
[]|\OT1/cmr/bx/n/12 Brief de-scrip-
 []


Underfull \hbox (badness 1389) in paragraph at lines 223--223
[]|\OT1/cmr/m/n/12 It is a dis-tributed trac-ing
 []


Underfull \hbox (badness 1242) in paragraph at lines 223--223
\OT1/cmr/m/n/12 and mon-i-tor-ing sys-tem re-
 []


Underfull \hbox (badness 1189) in paragraph at lines 223--223
\OT1/cmr/m/n/12 gather tim-ing data needed
 []


Underfull \hbox (badness 10000) in paragraph at lines 223--223
[]|\OT1/cmr/m/n/12 Only sup-ports two span
 []


Underfull \hbox (badness 1859) in paragraph at lines 223--223
\OT1/cmr/m/n/12 trans-port ways (UDP and
 []

[16]
Overfull \hbox (1.9088pt too wide) in paragraph at lines 278--278
[]|\OT1/cmr/bx/n/12 Description| 
 []


Underfull \hbox (badness 10000) in paragraph at lines 278--278
[]|\OT1/cmr/m/n/12 It's an it-er-a-tive
 []


Underfull \hbox (badness 10000) in paragraph at lines 278--278
\OT1/cmr/m/n/12 graph pro-cess-ing
 []


Underfull \hbox (badness 10000) in paragraph at lines 278--278
\OT1/cmr/m/n/12 sys-tem built for
 []


Underfull \hbox (badness 10000) in paragraph at lines 278--278
\OT1/cmr/m/n/12 high scal-a-bil-ity.
 []


Underfull \hbox (badness 6910) in paragraph at lines 278--278
\OT1/cmr/m/n/12 cur-rently used at
 []


Underfull \hbox (badness 10000) in paragraph at lines 278--278
\OT1/cmr/m/n/12 the so-cial graph
 []


Underfull \hbox (badness 2368) in paragraph at lines 278--278
\OT1/cmr/m/n/12 for graph cre-ation
 []


Underfull \hbox (badness 10000) in paragraph at lines 278--278
\OT1/cmr/m/n/12 and ma-nip-u-la-tion,
 []


Underfull \hbox (badness 5359) in paragraph at lines 278--278
\OT1/cmr/m/n/12 and for analysing
 []


Underfull \hbox (badness 1406) in paragraph at lines 278--278
[]|\OT1/cmr/m/n/12 A Python pack-age
 []


Underfull \hbox (badness 10000) in paragraph at lines 278--278
\OT1/cmr/m/n/12 for the cre-ation,
 []


Underfull \hbox (badness 6047) in paragraph at lines 278--278
\OT1/cmr/m/n/12 ma-nip-u-la-tion, and
 []


Underfull \hbox (badness 10000) in paragraph at lines 278--278
\OT1/cmr/m/n/12 ture, dy-nam-ics,
 []


Underfull \hbox (badness 10000) in paragraph at lines 278--278
\OT1/cmr/m/n/12 and func-tions of
 []


Underfull \hbox (badness 10000) in paragraph at lines 278--278
[]|\OT1/cmr/bx/n/12 Supported
 []


Underfull \hbox (badness 10000) in paragraph at lines 278--278
[]|\OT1/cmr/m/n/12 Distributed and
 []


Underfull \hbox (badness 10000) in paragraph at lines 278--278
\OT1/cmr/m/n/12 Excellent per-for-
 []


Underfull \hbox (badness 6910) in paragraph at lines 278--278
\OT1/cmr/m/n/12 one tril-lion edges
 []


Underfull \hbox (badness 10000) in paragraph at lines 278--278
\OT1/cmr/m/n/12 us-ing 200 mod-
 []


Underfull \hbox (badness 1675) in paragraph at lines 278--278
\OT1/cmr/m/n/12 est ma-chines in 4
 []


Underfull \hbox (badness 10000) in paragraph at lines 278--278
[]|\OT1/cmr/m/n/12 Can han-dle very
 []


Underfull \hbox (badness 10000) in paragraph at lines 278--278
[][]\OT1/cmr/m/n/12 CPU[]'s (Ver-ti-cally
 []


Underfull \hbox (badness 1270) in paragraph at lines 278--278
[]|\OT1/cmr/m/n/12 Good sup-port and
 []


Underfull \hbox (badness 2662) in paragraph at lines 278--278
\OT1/cmr/m/n/12 Lots of graph al-
 []


Underfull \hbox (badness 10000) in paragraph at lines 278--278
\OT1/cmr/m/n/12 go-rithms al-ready
 []


Underfull \hbox (badness 10000) in paragraph at lines 278--278
\OT1/cmr/m/n/12 im-ple-mented and
 []


Underfull \hbox (badness 6032) in paragraph at lines 278--278
[]|\OT1/cmr/m/n/12 Uses the ``Think-
 []


Underfull \hbox (badness 10000) in paragraph at lines 278--278
\OT1/cmr/m/n/12 Like-a-Vertex''
 []


Underfull \hbox (badness 10000) in paragraph at lines 278--278
\OT1/cmr/m/n/12 that of-ten forces
 []


Underfull \hbox (badness 10000) in paragraph at lines 278--278
\OT1/cmr/m/n/12 into us-ing sub-
 []


Underfull \hbox (badness 3302) in paragraph at lines 278--278
\OT1/cmr/m/n/12 optimal al-go-rithms
 []


Underfull \hbox (badness 2285) in paragraph at lines 278--278
\OT1/cmr/m/n/12 and sac-ri-fices per-
 []


Underfull \hbox (badness 7273) in paragraph at lines 278--278
\OT1/cmr/m/n/12 pri-mar-ily sup-ports
 []


Underfull \hbox (badness 10000) in paragraph at lines 278--278
\OT1/cmr/m/n/12 Bulk syn-chronous
 []


Underfull \hbox (badness 10000) in paragraph at lines 278--278
\OT1/cmr/m/n/12 Begins to slow
 []


Underfull \hbox (badness 1831) in paragraph at lines 278--278
\OT1/cmr/m/n/12 a high amount of
 []


Underfull \hbox (badness 1168) in paragraph at lines 278--278
\OT1/cmr/m/n/12 data (400.000 plus
 []


Underfull \hbox (badness 10000) in alignment at lines 278--278
[][][][] 
 []


Underfull \vbox (badness 10000) has occurred while \output is active []

 [17]
Underfull \vbox (badness 7012) has occurred while \output is active []

 [18]

pdfTeX warning: pdflatex (file /mnt/B6C8BAECC8BAAA4F/André/UC/Tese/MScThesis/MScThesisReport/images/graph_manipulation_tools_diagram_comparison.pdf): PDF inclusion: found PDF version <1.7>, but at most version <1.5> allowed
<images/graph_manipulation_tools_diagram_comparison.pdf, id=3870, 535.2497pt x 255.95625pt>
File: images/graph_manipulation_tools_diagram_comparison.pdf Graphic file (type pdf)
<use images/graph_manipulation_tools_diagram_comparison.pdf>
Package pdftex.def Info: images/graph_manipulation_tools_diagram_comparison.pdf  used on input line 291.
(pdftex.def)             Requested size: 341.43437pt x 163.28027pt.

Overfull \hbox (1.9088pt too wide) in paragraph at lines 346--346
[]|\OT1/cmr/bx/n/12 Description| 
 []


Underfull \hbox (badness 10000) in paragraph at lines 346--346
[]|\OT1/cmr/m/n/12 It's a NoSQL
 []


Underfull \hbox (badness 1337) in paragraph at lines 346--346
\OT1/cmr/m/n/12 by ArangoDB Inc.
 []


Underfull \hbox (badness 2573) in paragraph at lines 346--346
\OT1/cmr/m/n/12 query lan-guage to
 []


Underfull \hbox (badness 10000) in paragraph at lines 346--346
\OT1/cmr/m/n/12 is a pro-pri-etary
 []


Underfull \hbox (badness 10000) in paragraph at lines 346--346
\OT1/cmr/m/n/12 database, de-vel-
 []


Underfull \hbox (badness 10000) in paragraph at lines 346--346
\OT1/cmr/m/n/12 u-lar open source
 []


Underfull \hbox (badness 10000) in paragraph at lines 346--346
\OT1/cmr/m/n/12 graph database.
 []


Underfull \hbox (badness 10000) in paragraph at lines 346--346
[]|\OT1/cmr/bx/n/12 Supported
 []


Underfull \hbox (badness 10000) in paragraph at lines 346--346
[]|\OT1/cmr/m/n/12 Multi data-type
 []


Underfull \hbox (badness 2326) in paragraph at lines 346--346
\OT1/cmr/m/n/12 Al-lows the com-bi-
 []


Underfull \hbox (badness 2368) in paragraph at lines 346--346
\OT1/cmr/m/n/12 na-tion of dif-fer-ent
 []


Underfull \hbox (badness 2173) in paragraph at lines 346--346
\OT1/cmr/m/n/12 in a sin-gle query.
 []


Underfull \hbox (badness 10000) in paragraph at lines 346--346
\OT1/cmr/m/n/12 Sup-ports clus-ter
 []


Underfull \hbox (badness 1205) in paragraph at lines 346--346
\OT1/cmr/m/n/12 la-tency). Ac-cepts
 []


Underfull \hbox (badness 10000) in paragraph at lines 346--346
\OT1/cmr/m/n/12 mil-lions of calls
 []


Underfull \hbox (badness 1603) in paragraph at lines 346--346
\OT1/cmr/m/n/12 per sec-ond. Dis-
 []


Underfull \hbox (badness 10000) in paragraph at lines 346--346
[]|\OT1/cmr/m/n/12 Supports
 []


Underfull \hbox (badness 10000) in paragraph at lines 346--346
\OT1/cmr/m/n/12 ACID(Atomicity,
 []


Underfull \hbox (badness 10000) in paragraph at lines 346--346
\OT1/cmr/m/n/12 Con-sis-tency, Iso-
 []


Underfull \hbox (badness 10000) in paragraph at lines 346--346
\OT1/cmr/m/n/12 la-tion, Dura-bil-
 []


Underfull \hbox (badness 10000) in paragraph at lines 346--346
\OT1/cmr/m/n/12 ity)[[]40[]]. High-
 []


Underfull \hbox (badness 4341) in paragraph at lines 346--346
\OT1/cmr/m/n/12 availability. Has
 []


Underfull \hbox (badness 3240) in paragraph at lines 346--346
\OT1/cmr/m/n/12 a vi-sual node-link
 []


Underfull \hbox (badness 10000) in paragraph at lines 346--346
\OT1/cmr/m/n/12 graph ex-plorer.
 []


Underfull \hbox (badness 6016) in paragraph at lines 346--346
\OT1/cmr/m/n/12 REST [][]API[] in-ter-
 []


Underfull \hbox (badness 1603) in paragraph at lines 346--346
\OT1/cmr/m/n/12 open source graph
 []


Underfull \hbox (badness 10000) in paragraph at lines 346--346
\OT1/cmr/m/n/12 Query Lan-guage).
 []


Underfull \hbox (badness 10000) in paragraph at lines 346--346
\OT1/cmr/m/n/12 Has paid ver-sion
 []


Underfull \hbox (badness 8151) in paragraph at lines 346--346
[]|\OT1/cmr/m/n/12 Not ac-ces-si-ble to
 []


Underfull \hbox (badness 10000) in alignment at lines 346--346
[][][][] 
 []

[19 </mnt/B6C8BAECC8BAAA4F/André/UC/Tese/MScThesis/MScThesisReport/images/graph_manipulation_tools_diagram_comparison.pdf>]
Underfull \vbox (badness 7888) has occurred while \output is active []

 [20]

pdfTeX warning: pdflatex (file /mnt/B6C8BAECC8BAAA4F/André/UC/Tese/MScThesis/MScThesisReport/images/arangodb_vs_neo4j_scalability.pdf): PDF inclusion: found PDF version <1.7>, but at most version <1.5> allowed
<images/arangodb_vs_neo4j_scalability.pdf, id=3912, 414.79968pt x 280.79906pt>
File: images/arangodb_vs_neo4j_scalability.pdf Graphic file (type pdf)
<use images/arangodb_vs_neo4j_scalability.pdf>
Package pdftex.def Info: images/arangodb_vs_neo4j_scalability.pdf  used on input line 357.
(pdftex.def)             Requested size: 341.43437pt x 231.14363pt.


pdfTeX warning: pdflatex (file /mnt/B6C8BAECC8BAAA4F/André/UC/Tese/MScThesis/MScThesisReport/images/time_series_databases_ranking.pdf): PDF inclusion: found PDF version <1.7>, but at most version <1.5> allowed
<images/time_series_databases_ranking.pdf, id=3919, 844.74097pt x 447.25594pt>
File: images/time_series_databases_ranking.pdf Graphic file (type pdf)
<use images/time_series_databases_ranking.pdf>
Package pdftex.def Info: images/time_series_databases_ranking.pdf  used on input line 371.
(pdftex.def)             Requested size: 426.79135pt x 225.96823pt.
[21 </mnt/B6C8BAECC8BAAA4F/André/UC/Tese/MScThesis/MScThesisReport/images/arangodb_vs_neo4j_scalability.pdf> </mnt/B6C8BAECC8BAAA4F/André/UC/Tese/MScThesis/MScThesisReport/images/time_series_databases_ranking.pdf>]
Overfull \hbox (2.98062pt too wide) in paragraph at lines 428--428
[]|\OT1/cmr/bx/n/12 Description| 
 []


Underfull \hbox (badness 2564) in paragraph at lines 428--428
[]|\OT1/cmr/m/n/12 It is a dis-tributed, scal-able
 []


Underfull \hbox (badness 10000) in paragraph at lines 428--428
\OT1/cmr/m/n/12 writ-ten on top of HBase.
 []


Underfull \hbox (badness 6842) in paragraph at lines 428--428
\OT1/cmr/m/n/12 OpenTSDB was writ-ten to
 []


Underfull \hbox (badness 1365) in paragraph at lines 428--428
\OT1/cmr/m/n/12 in-dex and serve met-rics col-
 []


Underfull \hbox (badness 10000) in paragraph at lines 428--428
[]|\OT1/cmr/bx/n/12 Supported
 []



pdfTeX warning: pdflatex (file /mnt/B6C8BAECC8BAAA4F/André/UC/Tese/MScThesis/MScThesisReport/images/influxdb_vs_opentsdb_write_throughput.pdf): PDF inclusion: found PDF version <1.7>, but at most version <1.5> allowed
<images/influxdb_vs_opentsdb_write_throughput.pdf, id=3945, 725.71124pt x 411.03563pt>
File: images/influxdb_vs_opentsdb_write_throughput.pdf Graphic file (type pdf)
<use images/influxdb_vs_opentsdb_write_throughput.pdf>
Package pdftex.def Info: images/influxdb_vs_opentsdb_write_throughput.pdf  used on input line 435.
(pdftex.def)             Requested size: 426.79135pt x 241.73747pt.

Underfull \vbox (badness 10000) has occurred while \output is active []

 [22]

pdfTeX warning: pdflatex (file /mnt/B6C8BAECC8BAAA4F/André/UC/Tese/MScThesis/MScThesisReport/images/influxdb_vs_opentsdb_storage_requirements.pdf): PDF inclusion: found PDF version <1.7>, but at most version <1.5> allowed
<images/influxdb_vs_opentsdb_storage_requirements.pdf, id=3954, 640.64343pt x 281.55188pt>
File: images/influxdb_vs_opentsdb_storage_requirements.pdf Graphic file (type pdf)
<use images/influxdb_vs_opentsdb_storage_requirements.pdf>
Package pdftex.def Info: images/influxdb_vs_opentsdb_storage_requirements.pdf  used on input line 442.
(pdftex.def)             Requested size: 426.79135pt x 187.56903pt.
[23 </mnt/B6C8BAECC8BAAA4F/André/UC/Tese/MScThesis/MScThesisReport/images/influxdb_vs_opentsdb_write_throughput.pdf> </mnt/B6C8BAECC8BAAA4F/André/UC/Tese/MScThesis/MScThesisReport/images/influxdb_vs_opentsdb_storage_requirements.pdf>] [24]) (/mnt/B6C8BAECC8BAAA4F/André/UC/Tese/MScThesis/MScThesisReport/chapters/4-research-objectives-and-approach.tex
Chapter 4.

LaTeX Warning: Reference `subsec:monitoring_and_tracing_tools' on page 25 undefined on input line 8.

[25

] [26] [27]) (/mnt/B6C8BAECC8BAAA4F/André/UC/Tese/MScThesis/MScThesisReport/chapters/5-possible-solution.tex [28]
Chapter 5.


pdfTeX warning: pdflatex (file /mnt/B6C8BAECC8BAAA4F/André/UC/Tese/MScThesis/MScThesisReport/images/system_composition.pdf): PDF inclusion: found PDF version <1.7>, but at most version <1.5> allowed
<images/system_composition.pdf, id=4007, 582.67688pt x 147.55125pt>
File: images/system_composition.pdf Graphic file (type pdf)
<use images/system_composition.pdf>
Package pdftex.def Info: images/system_composition.pdf  used on input line 12.
(pdftex.def)             Requested size: 426.79135pt x 108.07849pt.
[29

 </mnt/B6C8BAECC8BAAA4F/André/UC/Tese/MScThesis/MScThesisReport/images/system_composition.pdf>] [30]
<images/utility_tree.pdf, id=4029, 337.26pt x 316.3017pt>
File: images/utility_tree.pdf Graphic file (type pdf)
<use images/utility_tree.pdf>
Package pdftex.def Info: images/utility_tree.pdf  used on input line 92.
(pdftex.def)             Requested size: 426.79135pt x 400.27972pt.
 [31 </mnt/B6C8BAECC8BAAA4F/André/UC/Tese/MScThesis/MScThesisReport/images/utility_tree.pdf>] [32]

pdfTeX warning: pdflatex (file /mnt/B6C8BAECC8BAAA4F/André/UC/Tese/MScThesis/MScThesisReport/images/context_diagram.pdf): PDF inclusion: found PDF version <1.7>, but at most version <1.5> allowed
<images/context_diagram.pdf, id=4084, 335.00156pt x 342.5297pt>
File: images/context_diagram.pdf Graphic file (type pdf)
<use images/context_diagram.pdf>
Package pdftex.def Info: images/context_diagram.pdf  used on input line 156.
(pdftex.def)             Requested size: 320.0935pt x 327.28293pt.
[33 </mnt/B6C8BAECC8BAAA4F/André/UC/Tese/MScThesis/MScThesisReport/images/context_diagram.pdf>]

pdfTeX warning: pdflatex (file /mnt/B6C8BAECC8BAAA4F/André/UC/Tese/MScThesis/MScThesisReport/images/container_diagram.pdf): PDF inclusion: found PDF version <1.7>, but at most version <1.5> allowed
<images/container_diagram.pdf, id=4094, 522.45187pt x 687.31781pt>
File: images/container_diagram.pdf Graphic file (type pdf)
<use images/container_diagram.pdf>
Package pdftex.def Info: images/container_diagram.pdf  used on input line 172.
(pdftex.def)             Requested size: 426.79135pt x 561.47527pt.


pdfTeX warning: pdflatex (file /mnt/B6C8BAECC8BAAA4F/André/UC/Tese/MScThesis/MScThesisReport/images/component_diagram.pdf): PDF inclusion: found PDF version <1.7>, but at most version <1.5> allowed
<images/component_diagram.pdf, id=4098, 597.53139pt x 812.85083pt>
File: images/component_diagram.pdf Graphic file (type pdf)
<use images/component_diagram.pdf>
Package pdftex.def Info: images/component_diagram.pdf  used on input line 188.
(pdftex.def)             Requested size: 426.79135pt x 580.6134pt.
[34]
Underfull \vbox (badness 10000) has occurred while \output is active []

 [35 </mnt/B6C8BAECC8BAAA4F/André/UC/Tese/MScThesis/MScThesisReport/images/container_diagram.pdf>]
Underfull \vbox (badness 10000) has occurred while \output is active []

 [36 </mnt/B6C8BAECC8BAAA4F/André/UC/Tese/MScThesis/MScThesisReport/images/component_diagram.pdf>] [37] [38]) (/mnt/B6C8BAECC8BAAA4F/André/UC/Tese/MScThesis/MScThesisReport/chapters/6-implementation_process.tex
Chapter 6.

LaTeX Warning: Reference `sec:data_set' on page 39 undefined on input line 6.


LaTeX Warning: Reference `sec:data_set' on page 39 undefined on input line 6.


LaTeX Warning: Reference `sec:metrics_gathering' on page 39 undefined on input line 6.


LaTeX Warning: Reference `sec:metrics_gathering' on page 39 undefined on input line 6.


LaTeX Warning: Reference `sec:observations_analysis' on page 39 undefined on input line 6.


LaTeX Warning: Reference `sec:observations_analysis' on page 39 undefined on input line 6.


LaTeX Warning: Reference `sec:metrics_gathering' on page 39 undefined on input line 41.


LaTeX Warning: Reference `sec:metrics_gathering' on page 39 undefined on input line 41.

[39

]
Underfull \vbox (badness 10000) has occurred while \output is active []

 [40]

LaTeX Warning: Reference `sec:metrics_gathering' on page 41 undefined on input line 77.

LaTeX Font Info:    Try loading font information for OML+cmr on input line 77.
(/usr/share/texlive/texmf-dist/tex/latex/base/omlcmr.fd
File: omlcmr.fd 2014/09/29 v2.5h Standard LaTeX font definitions
)
LaTeX Font Info:    Font shape `OML/cmr/m/n' in size <10.95> not available
(Font)              Font shape `OML/cmm/m/it' tried instead on input line 77.
<images/trace_file_count_2018_06_28_chart.png, id=4181, 405.4347pt x 336.7782pt>
File: images/trace_file_count_2018_06_28_chart.png Graphic file (type png)
<use images/trace_file_count_2018_06_28_chart.png>
Package pdftex.def Info: images/trace_file_count_2018_06_28_chart.png  used on input line 81.
(pdftex.def)             Requested size: 375.57846pt x 311.998pt.

Underfull \vbox (badness 10000) has occurred while \output is active []

 [41]
<images/trace_file_count_2018_06_29_chart.png, id=4189, 405.4347pt x 336.7782pt>
File: images/trace_file_count_2018_06_29_chart.png Graphic file (type png)
<use images/trace_file_count_2018_06_29_chart.png>
Package pdftex.def Info: images/trace_file_count_2018_06_29_chart.png  used on input line 88.
(pdftex.def)             Requested size: 375.57846pt x 311.998pt.
 [42 </mnt/B6C8BAECC8BAAA4F/André/UC/Tese/MScThesis/MScThesisReport/images/trace_file_count_2018_06_28_chart.png> </mnt/B6C8BAECC8BAAA4F/André/UC/Tese/MScThesis/MScThesisReport/images/trace_file_count_2018_06_29_chart.png>]) (/mnt/B6C8BAECC8BAAA4F/André/UC/Tese/MScThesis/MScThesisReport/chapters/7-results.tex
Underfull \vbox (badness 10000) has occurred while \output is active []

 [43] [44]
Chapter 7.
[45

] [46]) (/mnt/B6C8BAECC8BAAA4F/André/UC/Tese/MScThesis/MScThesisReport/chapters/8-conclusions.tex
Chapter 8.

LaTeX Warning: Reference `sec:brief_reflection' on page 47 undefined on input line 5.


LaTeX Warning: Reference `sec:brief_reflection' on page 47 undefined on input line 5.

[47

] [48])
Overfull \hbox (28.3257pt too wide) in paragraph at lines 258--258
[]\OT1/cmr/m/n/10.95 OpenTracing.io, \OT1/cmr/m/it/10.95 What is Dis-tributed Trac-ing? \OT1/cmr/m/n/10.95 [On-line]. Avail-able: []$\OT1/cmtt/m/n/10.95 https : / / opentracing .
 []


Overfull \hbox (23.75319pt too wide) in paragraph at lines 258--258
[]\OT1/cmr/m/n/10.95 The GanttPro-ject Team, \OT1/cmr/m/it/10.95 GanttPro-ject\OT1/cmr/m/n/10.95 . [On-line]. Avail-able: []$\OT1/cmtt/m/n/10.95 https : / / www . ganttproject .
 []


Overfull \hbox (13.46846pt too wide) in paragraph at lines 258--258
[]\OT1/cmr/m/n/10.95 C. Richard-son, \OT1/cmr/m/it/10.95 Mi-croser-vices Def-i-ni-tion\OT1/cmr/m/n/10.95 . [On-line]. Avail-able: []$\OT1/cmtt/m/n/10.95 https : / / microservices .
 []


Overfull \hbox (12.42528pt too wide) in paragraph at lines 258--258
[]\OT1/cmr/m/n/10.95 ||, \OT1/cmr/m/it/10.95 What is a Con-tainer\OT1/cmr/m/n/10.95 . [On-line]. Avail-able: []$\OT1/cmtt/m/n/10.95 https : / / www . docker . com / resources /
 []


Overfull \hbox (64.76234pt too wide) in paragraph at lines 258--258
[]\OT1/cmr/m/n/10.95 S. Brown, \OT1/cmr/m/it/10.95 Dis-tributed big balls of mud\OT1/cmr/m/n/10.95 . [On-line]. Avail-able: []$\OT1/cmtt/m/n/10.95 http : / / www . codingthearchitecture .
 []

[49

]
Overfull \hbox (21.84622pt too wide) in paragraph at lines 258--258
[]$\OT1/cmtt/m/n/10.95 https : / / medium . com / @Pinterest % 7B % 5C _ %7DEngineering / analyzing -[] distributed -[]
 []


Overfull \hbox (29.59563pt too wide) in paragraph at lines 258--258
[]\OT1/cmr/m/n/10.95 JaegerTracing, \OT1/cmr/m/it/10.95 Jaeger GitHub\OT1/cmr/m/n/10.95 . [On-line]. Avail-able: []$\OT1/cmtt/m/n/10.95 https : / / github . com / jaegertracing /
 []


Overfull \hbox (17.38957pt too wide) in paragraph at lines 258--258
[]\OT1/cmr/m/n/10.95 OpenZipkin, \OT1/cmr/m/it/10.95 Zip-kin Repos-i-tory\OT1/cmr/m/n/10.95 . [On-line]. Avail-able: []$\OT1/cmtt/m/n/10.95 https : / / github . com / openzipkin /
 []

[50]
Overfull \hbox (5.18324pt too wide) in paragraph at lines 258--258
\OT1/cmtt/m/n/10.95 org / wiki / ACID % 7B % 5C _ %7D(computer % 7B % 5C _ %7Dscience)$[] \OT1/cmr/m/n/10.95 (vis-ited on 10/16/2018). 
 []


Overfull \hbox (10.31165pt too wide) in paragraph at lines 258--258
[]\OT1/cmr/m/n/10.95 InfluxData, \OT1/cmr/m/it/10.95 In-fluxDB GitHub\OT1/cmr/m/n/10.95 . [On-line]. Avail-able: []$\OT1/cmtt/m/n/10.95 https : / / github . com / influxdata /
 []

[51] [52]
Package atveryend Info: Empty hook `BeforeClearDocument' on input line 268.
Package atveryend Info: Empty hook `AfterLastShipout' on input line 268.
 (/mnt/B6C8BAECC8BAAA4F/André/UC/Tese/MScThesis/MScThesisReport/main.aux)
Package atveryend Info: Executing hook `AtVeryEndDocument' on input line 268.
Package atveryend Info: Executing hook `AtEndAfterFileList' on input line 268.
Package rerunfilecheck Info: File `main.out' has not changed.
(rerunfilecheck)             Checksum: 9537E3A4E84024039B8CB29EB0C448CB;3095.


LaTeX Warning: There were undefined references.


Package biblatex Warning: Please (re)run Biber on the file:
(biblatex)                main
(biblatex)                and rerun LaTeX afterwards.

Package logreq Info: Writing requests to 'main.run.xml'.
\openout1 = `main.run.xml'.

Package atveryend Info: Empty hook `AtVeryVeryEnd' on input line 268.
 ) 
Here is how much of TeX's memory you used:
 44204 strings out of 492615
 983973 string characters out of 6131391
 1587687 words of memory out of 5000000
 47087 multiletter control sequences out of 15000+600000
 12747 words of font info for 45 fonts, out of 8000000 for 9000
 1141 hyphenation exceptions out of 8191
 69i,15n,98p,2060b,2882s stack positions out of 5000i,500n,10000p,200000b,80000s
pdfTeX warning (dest): name{glo:qa} has been referenced but does not exist, replaced by a fixed one

pdfTeX warning (dest): name{glo:gdb} has been referenced but does not exist, replaced by a fixed one

pdfTeX warning (dest): name{glo:rpc} has been referenced but does not exist, replaced by a fixed one

pdfTeX warning (dest): name{glo:http} has been referenced but does not exist, replaced by a fixed one

pdfTeX warning (dest): name{glo:api} has been referenced but does not exist, replaced by a fixed one

pdfTeX warning (dest): name{glo:otp} has been referenced but does not exist, replaced by a fixed one

pdfTeX warning (dest): name{glo:cpu} has been referenced but does not exist, replaced by a fixed one

pdfTeX warning (dest): name{glo:dei} has been referenced but does not exist, replaced by a fixed one

pdfTeX warning (dest): name{glo:tsdb} has been referenced but does not exist, replaced by a fixed one

pdfTeX warning (dest): name{glo:devops} has been referenced but does not exist, replaced by a fixed one

</usr/share/texlive/texmf-dist/fonts/type1/public/amsfonts/cm/cmbx10.pfb></usr/share/texlive/texmf-dist/fonts/type1/public/amsfonts/cm/cmbx12.pfb></usr/share/texlive/texmf-dist/fonts/type1/public/amsfonts/cm/cmbx8.pfb></usr/share/texlive/texmf-dist/fonts/type1/public/amsfonts/cm/cmcsc10.pfb></usr/share/texlive/texmf-dist/fonts/type1/public/amsfonts/cm/cmmi10.pfb></usr/share/texlive/texmf-dist/fonts/type1/public/amsfonts/cm/cmr10.pfb></usr/share/texlive/texmf-dist/fonts/type1/public/amsfonts/cm/cmr12.pfb></usr/share/texlive/texmf-dist/fonts/type1/public/amsfonts/cm/cmsl10.pfb></usr/share/texlive/texmf-dist/fonts/type1/public/amsfonts/cm/cmsy10.pfb></usr/share/texlive/texmf-dist/fonts/type1/public/amsfonts/cm/cmti10.pfb></usr/share/texlive/texmf-dist/fonts/type1/public/amsfonts/cm/cmti12.pfb></usr/share/texlive/texmf-dist/fonts/type1/public/amsfonts/cm/cmtt10.pfb>
Output written on /mnt/B6C8BAECC8BAAA4F/André/UC/Tese/MScThesis/MScThesisReport/main.pdf (69 pages, 1664555 bytes).
PDF statistics:
 4466 PDF objects out of 5155 (max. 8388607)
 3160 compressed objects within 32 object streams
 247 named destinations out of 1000 (max. 500000)
 486 words of extra memory for PDF output out of 10000 (max. 10000000)

